{
  "commits": [
    {
      "sha": "81b0a2439191e4b6add8c08a628f9c344584a76b",
      "status": "success",
      "log": "But how to get the pass or fail status for each test case in stdout. like\nProcessModel: Default DomainUsage: Single\nExecution Runtime: net-3.5\n***** Application.Test.TestARule :passed\n***** Application.Test.TestConstructor :passed\n***** Application.Test..TestEvaluating :passed\nTests run: 3, Errors: 0, Failures: 0, Inconclusive: 0, Time: 0.23005096791134 seconds\nNot run: 0, Invalid: 0, Ignored: 0, Skipped: 0"
    },
    {
      "sha": "b9499b107f0b3ee2babefccd13f9629ea1c869aa",
      "status": "failed",
      "log": "[INFO] Scanning for projects...[INFO] [INFO] ------------------------< com.group1:ci-server >------------------------[INFO] Building ci-server 0[INFO] --------------------------------[ jar ]---------------------------------[INFO] [INFO] --- maven-clean-plugin:3.1.0:clean (default-clean) @ ci-server ---[INFO] [INFO] --- maven-resources-plugin:3.0.2:resources (default-resources) @ ci-server ---[INFO] Using UTF-8 encoding to copy filtered resources.[INFO] skip non existing resourceDirectory /Users/Erik/Desktop/Programmering/DD2480-CI/ci-server/watched-repository/ci-server/src/main/resources[INFO] [INFO] --- maven-compiler-plugin:3.8.0:compile (default-compile) @ ci-server ---[INFO] Changes detected - recompiling the module![INFO] Compiling 7 source files to /Users/Erik/Desktop/Programmering/DD2480-CI/ci-server/watched-repository/ci-server/target/classes[INFO] [INFO] --- maven-resources-plugin:3.0.2:testResources (default-testResources) @ ci-server ---[INFO] Using UTF-8 encoding to copy filtered resources.[INFO] skip non existing resourceDirectory /Users/Erik/Desktop/Programmering/DD2480-CI/ci-server/watched-repository/ci-server/src/test/resources[INFO] [INFO] --- maven-compiler-plugin:3.8.0:testCompile (default-testCompile) @ ci-server ---[INFO] Changes detected - recompiling the module![INFO] Compiling 3 source files to /Users/Erik/Desktop/Programmering/DD2480-CI/ci-server/watched-repository/ci-server/target/test-classes[INFO] [INFO] --- maven-surefire-plugin:2.22.1:test (default-test) @ ci-server ---[INFO] [INFO] -------------------------------------------------------[INFO]  T E S T S[INFO] -------------------------------------------------------[INFO] Running com.group1.ContinuousIntegrationServerTest[INFO] Tests run: 10, Failures: 0, Errors: 0, Skipped: 0, Time elapsed: 19.128 s - in com.group1.ContinuousIntegrationServerTest[INFO] Running com.group1.RequestExtractionTest[INFO] Tests run: 1, Failures: 0, Errors: 0, Skipped: 0, Time elapsed: 3.267 s - in com.group1.RequestExtractionTest[INFO] Running com.group1.Output_parserTest[ERROR] Tests run: 5, Failures: 1, Errors: 0, Skipped: 0, Time elapsed: 0.055 s <<< FAILURE! - in com.group1.Output_parserTest[ERROR] testSuccess(com.group1.Output_parserTest)  Time elapsed: 0.027 s  <<< FAILURE!java.lang.AssertionError\tat com.group1.Output_parserTest.testSuccess(Output_parserTest.java:28)[INFO] [INFO] Results:[INFO] [ERROR] Failures: [ERROR]   Output_parserTest.testSuccess:28[INFO] [ERROR] Tests run: 16, Failures: 1, Errors: 0, Skipped: 0[INFO] [INFO] ------------------------------------------------------------------------[INFO] BUILD FAILURE[INFO] ------------------------------------------------------------------------[INFO] Total time:  31.830 s[INFO] Finished at: 2023-02-11T23:58:52+01:00[INFO] ------------------------------------------------------------------------[ERROR] Failed to execute goal org.apache.maven.plugins:maven-surefire-plugin:2.22.1:test (default-test) on project ci-server: There are test failures.[ERROR] [ERROR] Please refer to /Users/Erik/Desktop/Programmering/DD2480-CI/ci-server/watched-repository/ci-server/target/surefire-reports for the individual test results.[ERROR] Please refer to dump files (if any exist) [date].dump, [date]-jvmRun[N].dump and [date].dumpstream.[ERROR] -> [Help 1][ERROR] [ERROR] To see the full stack trace of the errors, re-run Maven with the -e switch.[ERROR] Re-run Maven using the -X switch to enable full debug logging.[ERROR] [ERROR] For more information about the errors and possible solutions, please read the following articles:[ERROR] [Help 1] http://cwiki.apache.org/confluence/display/MAVEN/MojoFailureException"
    },
    {
      "sha": "b89a7ab6fb289397586998ad949cca47cc073295",
      "status": "success",
      "log": "[INFO] Scanning for projects...\n[INFO] \n[INFO] ------------------------< com.group1:ci-server >------------------------\n[INFO] Building ci-server 0\n[INFO] --------------------------------[ jar ]---------------------------------\n[INFO] \n[INFO] --- maven-clean-plugin:3.1.0:clean (default-clean) @ ci-server ---\n[INFO] \n[INFO] --- maven-resources-plugin:3.0.2:resources (default-resources) @ ci-server ---\n[INFO] Using UTF-8 encoding to copy filtered resources.\n[INFO] skip non existing resourceDirectory /Users/Erik/Desktop/Programmering/DD2480-CI/ci-server/watched-repository/ci-server/src/main/resources\n[INFO] \n[INFO] --- maven-compiler-plugin:3.8.0:compile (default-compile) @ ci-server ---\n[INFO] Changes detected - recompiling the module!\n[INFO] Compiling 7 source files to /Users/Erik/Desktop/Programmering/DD2480-CI/ci-server/watched-repository/ci-server/target/classes\n[INFO] \n[INFO] --- maven-resources-plugin:3.0.2:testResources (default-testResources) @ ci-server ---\n[INFO] Using UTF-8 encoding to copy filtered resources.\n[INFO] skip non existing resourceDirectory /Users/Erik/Desktop/Programmering/DD2480-CI/ci-server/watched-repository/ci-server/src/test/resources\n[INFO] \n[INFO] --- maven-compiler-plugin:3.8.0:testCompile (default-testCompile) @ ci-server ---\n[INFO] Changes detected - recompiling the module!\n[INFO] Compiling 3 source files to /Users/Erik/Desktop/Programmering/DD2480-CI/ci-server/watched-repository/ci-server/target/test-classes\n[INFO] \n[INFO] --- maven-surefire-plugin:2.22.1:test (default-test) @ ci-server ---\n[INFO] \n[INFO] -------------------------------------------------------\n[INFO]  T E S T S\n[INFO] -------------------------------------------------------\n[INFO] Running com.group1.ContinuousIntegrationServerTest\n[INFO] Tests run: 10, Failures: 0, Errors: 0, Skipped: 0, Time elapsed: 14.878 s - in com.group1.ContinuousIntegrationServerTest\n[INFO] Running com.group1.RequestExtractionTest\n[INFO] Tests run: 1, Failures: 0, Errors: 0, Skipped: 0, Time elapsed: 2.742 s - in com.group1.RequestExtractionTest\n[INFO] Running com.group1.Output_parserTest\n[INFO] Tests run: 5, Failures: 0, Errors: 0, Skipped: 0, Time elapsed: 0.018 s - in com.group1.Output_parserTest\n[INFO] \n[INFO] Results:\n[INFO] \n[INFO] Tests run: 16, Failures: 0, Errors: 0, Skipped: 0\n[INFO] \n[INFO] ------------------------------------------------------------------------\n[INFO] BUILD SUCCESS\n[INFO] ------------------------------------------------------------------------\n[INFO] Total time:  25.941 s\n[INFO] Finished at: 2023-02-12T00:40:36+01:00\n[INFO] ------------------------------------------------------------------------\n"
    },
    {
      "sha": "3f4c791b336e79f5315d96d8e6961ccdc32228d5",
      "status": "failed",
      "log": "[INFO] Scanning for projects...\n[INFO] \n[INFO] ------------------------< com.group1:ci-server >------------------------\n[INFO] Building ci-server 0\n[INFO] --------------------------------[ jar ]---------------------------------\n[INFO] \n[INFO] --- maven-clean-plugin:3.1.0:clean (default-clean) @ ci-server ---\n[INFO] \n[INFO] --- maven-resources-plugin:3.0.2:resources (default-resources) @ ci-server ---\n[INFO] Using UTF-8 encoding to copy filtered resources.\n[INFO] skip non existing resourceDirectory /Users/Erik/Desktop/Programmering/DD2480-CI/ci-server/watched-repository/ci-server/src/main/resources\n[INFO] \n[INFO] --- maven-compiler-plugin:3.8.0:compile (default-compile) @ ci-server ---\n[INFO] Changes detected - recompiling the module!\n[INFO] Compiling 7 source files to /Users/Erik/Desktop/Programmering/DD2480-CI/ci-server/watched-repository/ci-server/target/classes\n[INFO] \n[INFO] --- maven-resources-plugin:3.0.2:testResources (default-testResources) @ ci-server ---\n[INFO] Using UTF-8 encoding to copy filtered resources.\n[INFO] skip non existing resourceDirectory /Users/Erik/Desktop/Programmering/DD2480-CI/ci-server/watched-repository/ci-server/src/test/resources\n[INFO] \n[INFO] --- maven-compiler-plugin:3.8.0:testCompile (default-testCompile) @ ci-server ---\n[INFO] Changes detected - recompiling the module!\n[INFO] Compiling 3 source files to /Users/Erik/Desktop/Programmering/DD2480-CI/ci-server/watched-repository/ci-server/target/test-classes\n[INFO] \n[INFO] --- maven-surefire-plugin:2.22.1:test (default-test) @ ci-server ---\n[INFO] \n[INFO] -------------------------------------------------------\n[INFO]  T E S T S\n[INFO] -------------------------------------------------------\n[INFO] Running com.group1.ContinuousIntegrationServerTest\n[INFO] Tests run: 10, Failures: 0, Errors: 0, Skipped: 0, Time elapsed: 31.811 s - in com.group1.ContinuousIntegrationServerTest\n[INFO] Running com.group1.RequestExtractionTest\n[INFO] Tests run: 1, Failures: 0, Errors: 0, Skipped: 0, Time elapsed: 3.063 s - in com.group1.RequestExtractionTest\n[INFO] Running com.group1.Output_parserTest\n[ERROR] Tests run: 5, Failures: 1, Errors: 0, Skipped: 0, Time elapsed: 0.04 s <<< FAILURE! - in com.group1.Output_parserTest\n[ERROR] testSuccess(com.group1.Output_parserTest)  Time elapsed: 0.016 s  <<< FAILURE!\njava.lang.AssertionError\n\tat com.group1.Output_parserTest.testSuccess(Output_parserTest.java:28)\n\n[INFO] \n[INFO] Results:\n[INFO] \n[ERROR] Failures: \n[ERROR]   Output_parserTest.testSuccess:28\n[INFO] \n[ERROR] Tests run: 16, Failures: 1, Errors: 0, Skipped: 0\n[INFO] \n[INFO] ------------------------------------------------------------------------\n[INFO] BUILD FAILURE\n[INFO] ------------------------------------------------------------------------\n[INFO] Total time:  49.914 s\n[INFO] Finished at: 2023-02-12T00:43:18+01:00\n[INFO] ------------------------------------------------------------------------\n[ERROR] Failed to execute goal org.apache.maven.plugins:maven-surefire-plugin:2.22.1:test (default-test) on project ci-server: There are test failures.\n[ERROR] \n[ERROR] Please refer to /Users/Erik/Desktop/Programmering/DD2480-CI/ci-server/watched-repository/ci-server/target/surefire-reports for the individual test results.\n[ERROR] Please refer to dump files (if any exist) [date].dump, [date]-jvmRun[N].dump and [date].dumpstream.\n[ERROR] -> [Help 1]\n[ERROR] \n[ERROR] To see the full stack trace of the errors, re-run Maven with the -e switch.\n[ERROR] Re-run Maven using the -X switch to enable full debug logging.\n[ERROR] \n[ERROR] For more information about the errors and possible solutions, please read the following articles:\n[ERROR] [Help 1] http://cwiki.apache.org/confluence/display/MAVEN/MojoFailureException\n"
    },
    {
      "sha": "6e6f8c0041d166fb83082abe85e68e54bf84de41",
      "status": "success",
      "log": "[INFO] Scanning for projects...\n[INFO] \n[INFO] ------------------------< com.group1:ci-server >------------------------\n[INFO] Building ci-server 0\n[INFO] --------------------------------[ jar ]---------------------------------\n[INFO] \n[INFO] --- maven-clean-plugin:3.1.0:clean (default-clean) @ ci-server ---\n[INFO] \n[INFO] --- maven-resources-plugin:3.0.2:resources (default-resources) @ ci-server ---\n[INFO] Using UTF-8 encoding to copy filtered resources.\n[INFO] skip non existing resourceDirectory /Users/Erik/Desktop/Programmering/DD2480-CI/ci-server/watched-repository/ci-server/src/main/resources\n[INFO] \n[INFO] --- maven-compiler-plugin:3.8.0:compile (default-compile) @ ci-server ---\n[INFO] Changes detected - recompiling the module!\n[INFO] Compiling 7 source files to /Users/Erik/Desktop/Programmering/DD2480-CI/ci-server/watched-repository/ci-server/target/classes\n[INFO] \n[INFO] --- maven-resources-plugin:3.0.2:testResources (default-testResources) @ ci-server ---\n[INFO] Using UTF-8 encoding to copy filtered resources.\n[INFO] skip non existing resourceDirectory /Users/Erik/Desktop/Programmering/DD2480-CI/ci-server/watched-repository/ci-server/src/test/resources\n[INFO] \n[INFO] --- maven-compiler-plugin:3.8.0:testCompile (default-testCompile) @ ci-server ---\n[INFO] Changes detected - recompiling the module!\n[INFO] Compiling 3 source files to /Users/Erik/Desktop/Programmering/DD2480-CI/ci-server/watched-repository/ci-server/target/test-classes\n[INFO] \n[INFO] --- maven-surefire-plugin:2.22.1:test (default-test) @ ci-server ---\n[INFO] \n[INFO] -------------------------------------------------------\n[INFO]  T E S T S\n[INFO] -------------------------------------------------------\n[INFO] Running com.group1.ContinuousIntegrationServerTest\nrunning tests\nrunning tests\n[INFO] Tests run: 10, Failures: 0, Errors: 0, Skipped: 0, Time elapsed: 24.917 s - in com.group1.ContinuousIntegrationServerTest\n[INFO] Running com.group1.RequestExtractionTest\n[INFO] Tests run: 1, Failures: 0, Errors: 0, Skipped: 0, Time elapsed: 2.913 s - in com.group1.RequestExtractionTest\n[INFO] Running com.group1.Output_parserTest\n[INFO] Tests run: 5, Failures: 0, Errors: 0, Skipped: 0, Time elapsed: 0.015 s - in com.group1.Output_parserTest\n[INFO] \n[INFO] Results:\n[INFO] \n[INFO] Tests run: 16, Failures: 0, Errors: 0, Skipped: 0\n[INFO] \n[INFO] ------------------------------------------------------------------------\n[INFO] BUILD SUCCESS\n[INFO] ------------------------------------------------------------------------\n[INFO] Total time:  36.435 s\n[INFO] Finished at: 2023-02-12T23:26:47+01:00\n[INFO] ------------------------------------------------------------------------\n"
    },
    {
      "sha": "5ad52c2f62bcc9669fc42402be5932c1a10af322",
      "status": "success",
      "log": "[INFO] Scanning for projects...\n[INFO] \n[INFO] ------------------------< com.group1:ci-server >------------------------\n[INFO] Building ci-server 0\n[INFO] --------------------------------[ jar ]---------------------------------\n[INFO] \n[INFO] --- maven-clean-plugin:3.1.0:clean (default-clean) @ ci-server ---\n[INFO] \n[INFO] --- maven-resources-plugin:3.0.2:resources (default-resources) @ ci-server ---\n[INFO] Using UTF-8 encoding to copy filtered resources.\n[INFO] skip non existing resourceDirectory /Users/Erik/Desktop/Programmering/DD2480-CI/ci-server/watched-repository/ci-server/src/main/resources\n[INFO] \n[INFO] --- maven-compiler-plugin:3.8.0:compile (default-compile) @ ci-server ---\n[INFO] Changes detected - recompiling the module!\n[INFO] Compiling 7 source files to /Users/Erik/Desktop/Programmering/DD2480-CI/ci-server/watched-repository/ci-server/target/classes\n[INFO] \n[INFO] --- maven-resources-plugin:3.0.2:testResources (default-testResources) @ ci-server ---\n[INFO] Using UTF-8 encoding to copy filtered resources.\n[INFO] skip non existing resourceDirectory /Users/Erik/Desktop/Programmering/DD2480-CI/ci-server/watched-repository/ci-server/src/test/resources\n[INFO] \n[INFO] --- maven-compiler-plugin:3.8.0:testCompile (default-testCompile) @ ci-server ---\n[INFO] Changes detected - recompiling the module!\n[INFO] Compiling 3 source files to /Users/Erik/Desktop/Programmering/DD2480-CI/ci-server/watched-repository/ci-server/target/test-classes\n[INFO] \n[INFO] --- maven-surefire-plugin:2.22.1:test (default-test) @ ci-server ---\n[INFO] \n[INFO] -------------------------------------------------------\n[INFO]  T E S T S\n[INFO] -------------------------------------------------------\n[INFO] Running com.group1.ContinuousIntegrationServerTest\nrunning tests\nrunning tests\n[INFO] Tests run: 10, Failures: 0, Errors: 0, Skipped: 0, Time elapsed: 20.768 s - in com.group1.ContinuousIntegrationServerTest\n[INFO] Running com.group1.RequestExtractionTest\n[INFO] Tests run: 1, Failures: 0, Errors: 0, Skipped: 0, Time elapsed: 2.669 s - in com.group1.RequestExtractionTest\n[INFO] Running com.group1.Output_parserTest\n[INFO] Tests run: 5, Failures: 0, Errors: 0, Skipped: 0, Time elapsed: 0.014 s - in com.group1.Output_parserTest\n[INFO] \n[INFO] Results:\n[INFO] \n[INFO] Tests run: 16, Failures: 0, Errors: 0, Skipped: 0\n[INFO] \n[INFO] ------------------------------------------------------------------------\n[INFO] BUILD SUCCESS\n[INFO] ------------------------------------------------------------------------\n[INFO] Total time:  33.801 s\n[INFO] Finished at: 2023-02-12T23:31:38+01:00\n[INFO] ------------------------------------------------------------------------\n"
    },
    {
      "sha": "180177b00da2565b5bca521e644e5983c1c17202",
      "status": "success",
      "log": "[INFO] Scanning for projects...\n[INFO] \n[INFO] ------------------------< com.group1:ci-server >------------------------\n[INFO] Building ci-server 0\n[INFO] --------------------------------[ jar ]---------------------------------\n[INFO] \n[INFO] --- maven-clean-plugin:3.1.0:clean (default-clean) @ ci-server ---\n[INFO] \n[INFO] --- maven-resources-plugin:3.0.2:resources (default-resources) @ ci-server ---\n[INFO] Using UTF-8 encoding to copy filtered resources.\n[INFO] skip non existing resourceDirectory /Users/Erik/Desktop/Programmering/DD2480-CI/ci-server/watched-repository/ci-server/src/main/resources\n[INFO] \n[INFO] --- maven-compiler-plugin:3.8.0:compile (default-compile) @ ci-server ---\n[INFO] Changes detected - recompiling the module!\n[INFO] Compiling 7 source files to /Users/Erik/Desktop/Programmering/DD2480-CI/ci-server/watched-repository/ci-server/target/classes\n[INFO] \n[INFO] --- maven-resources-plugin:3.0.2:testResources (default-testResources) @ ci-server ---\n[INFO] Using UTF-8 encoding to copy filtered resources.\n[INFO] skip non existing resourceDirectory /Users/Erik/Desktop/Programmering/DD2480-CI/ci-server/watched-repository/ci-server/src/test/resources\n[INFO] \n[INFO] --- maven-compiler-plugin:3.8.0:testCompile (default-testCompile) @ ci-server ---\n[INFO] Changes detected - recompiling the module!\n[INFO] Compiling 3 source files to /Users/Erik/Desktop/Programmering/DD2480-CI/ci-server/watched-repository/ci-server/target/test-classes\n[INFO] \n[INFO] --- maven-surefire-plugin:2.22.1:test (default-test) @ ci-server ---\n[INFO] \n[INFO] -------------------------------------------------------\n[INFO]  T E S T S\n[INFO] -------------------------------------------------------\n[INFO] Running com.group1.ContinuousIntegrationServerTest\nrunning tests\nrunning tests\n[INFO] Tests run: 10, Failures: 0, Errors: 0, Skipped: 0, Time elapsed: 35.959 s - in com.group1.ContinuousIntegrationServerTest\n[INFO] Running com.group1.RequestExtractionTest\n[INFO] Tests run: 1, Failures: 0, Errors: 0, Skipped: 0, Time elapsed: 2.828 s - in com.group1.RequestExtractionTest\n[INFO] Running com.group1.Output_parserTest\n[INFO] Tests run: 5, Failures: 0, Errors: 0, Skipped: 0, Time elapsed: 0.018 s - in com.group1.Output_parserTest\n[INFO] \n[INFO] Results:\n[INFO] \n[INFO] Tests run: 16, Failures: 0, Errors: 0, Skipped: 0\n[INFO] \n[INFO] ------------------------------------------------------------------------\n[INFO] BUILD SUCCESS\n[INFO] ------------------------------------------------------------------------\n[INFO] Total time:  53.528 s\n[INFO] Finished at: 2023-02-12T23:39:38+01:00\n[INFO] ------------------------------------------------------------------------\n"
    },
    {
      "sha": "d102dcb09ac666858d2c50c58417a9b533cadd6d",
      "status": "success",
      "log": "[INFO] Scanning for projects...\n[INFO] \n[INFO] ------------------------< com.group1:ci-server >------------------------\n[INFO] Building ci-server 0\n[INFO] --------------------------------[ jar ]---------------------------------\n[INFO] \n[INFO] --- maven-clean-plugin:3.1.0:clean (default-clean) @ ci-server ---\n[INFO] \n[INFO] --- maven-resources-plugin:3.0.2:resources (default-resources) @ ci-server ---\n[INFO] Using UTF-8 encoding to copy filtered resources.\n[INFO] skip non existing resourceDirectory /Users/Erik/Desktop/Programmering/DD2480-CI/ci-server/watched-repository/ci-server/src/main/resources\n[INFO] \n[INFO] --- maven-compiler-plugin:3.8.0:compile (default-compile) @ ci-server ---\n[INFO] Changes detected - recompiling the module!\n[INFO] Compiling 7 source files to /Users/Erik/Desktop/Programmering/DD2480-CI/ci-server/watched-repository/ci-server/target/classes\n[INFO] \n[INFO] --- maven-resources-plugin:3.0.2:testResources (default-testResources) @ ci-server ---\n[INFO] Using UTF-8 encoding to copy filtered resources.\n[INFO] skip non existing resourceDirectory /Users/Erik/Desktop/Programmering/DD2480-CI/ci-server/watched-repository/ci-server/src/test/resources\n[INFO] \n[INFO] --- maven-compiler-plugin:3.8.0:testCompile (default-testCompile) @ ci-server ---\n[INFO] Changes detected - recompiling the module!\n[INFO] Compiling 3 source files to /Users/Erik/Desktop/Programmering/DD2480-CI/ci-server/watched-repository/ci-server/target/test-classes\n[INFO] \n[INFO] --- maven-surefire-plugin:2.22.1:test (default-test) @ ci-server ---\n[INFO] \n[INFO] -------------------------------------------------------\n[INFO]  T E S T S\n[INFO] -------------------------------------------------------\n[INFO] Running com.group1.ContinuousIntegrationServerTest\nrunning tests\nrunning tests\n[INFO] Tests run: 10, Failures: 0, Errors: 0, Skipped: 0, Time elapsed: 21.517 s - in com.group1.ContinuousIntegrationServerTest\n[INFO] Running com.group1.RequestExtractionTest\n[INFO] Tests run: 1, Failures: 0, Errors: 0, Skipped: 0, Time elapsed: 2.78 s - in com.group1.RequestExtractionTest\n[INFO] Running com.group1.Output_parserTest\n[INFO] Tests run: 5, Failures: 0, Errors: 0, Skipped: 0, Time elapsed: 0.014 s - in com.group1.Output_parserTest\n[INFO] \n[INFO] Results:\n[INFO] \n[INFO] Tests run: 16, Failures: 0, Errors: 0, Skipped: 0\n[INFO] \n[INFO] ------------------------------------------------------------------------\n[INFO] BUILD SUCCESS\n[INFO] ------------------------------------------------------------------------\n[INFO] Total time:  36.756 s\n[INFO] Finished at: 2023-02-12T23:46:40+01:00\n[INFO] ------------------------------------------------------------------------\n"
    },
    {
      "sha": "8471da9f8dec18a99fe5ba18fadab7c6c7b1f46a",
      "status": "success",
      "log": "[INFO] Scanning for projects...\n[INFO] \n[INFO] ------------------------< com.group1:ci-server >------------------------\n[INFO] Building ci-server 0\n[INFO] --------------------------------[ jar ]---------------------------------\n[INFO] \n[INFO] --- maven-clean-plugin:3.1.0:clean (default-clean) @ ci-server ---\n[INFO] \n[INFO] --- maven-resources-plugin:3.0.2:resources (default-resources) @ ci-server ---\n[INFO] Using UTF-8 encoding to copy filtered resources.\n[INFO] skip non existing resourceDirectory /Users/Erik/Desktop/Programmering/DD2480-CI/ci-server/watched-repository/ci-server/src/main/resources\n[INFO] \n[INFO] --- maven-compiler-plugin:3.8.0:compile (default-compile) @ ci-server ---\n[INFO] Changes detected - recompiling the module!\n[INFO] Compiling 7 source files to /Users/Erik/Desktop/Programmering/DD2480-CI/ci-server/watched-repository/ci-server/target/classes\n[INFO] \n[INFO] --- maven-resources-plugin:3.0.2:testResources (default-testResources) @ ci-server ---\n[INFO] Using UTF-8 encoding to copy filtered resources.\n[INFO] skip non existing resourceDirectory /Users/Erik/Desktop/Programmering/DD2480-CI/ci-server/watched-repository/ci-server/src/test/resources\n[INFO] \n[INFO] --- maven-compiler-plugin:3.8.0:testCompile (default-testCompile) @ ci-server ---\n[INFO] Changes detected - recompiling the module!\n[INFO] Compiling 3 source files to /Users/Erik/Desktop/Programmering/DD2480-CI/ci-server/watched-repository/ci-server/target/test-classes\n[INFO] \n[INFO] --- maven-surefire-plugin:2.22.1:test (default-test) @ ci-server ---\n[INFO] \n[INFO] -------------------------------------------------------\n[INFO]  T E S T S\n[INFO] -------------------------------------------------------\n[INFO] Running com.group1.ContinuousIntegrationServerTest\nrunning tests\nrunning tests\n[INFO] Tests run: 10, Failures: 0, Errors: 0, Skipped: 0, Time elapsed: 29.088 s - in com.group1.ContinuousIntegrationServerTest\n[INFO] Running com.group1.RequestExtractionTest\n[INFO] Tests run: 1, Failures: 0, Errors: 0, Skipped: 0, Time elapsed: 4.404 s - in com.group1.RequestExtractionTest\n[INFO] Running com.group1.Output_parserTest\n[INFO] Tests run: 5, Failures: 0, Errors: 0, Skipped: 0, Time elapsed: 0.039 s - in com.group1.Output_parserTest\n[INFO] \n[INFO] Results:\n[INFO] \n[INFO] Tests run: 16, Failures: 0, Errors: 0, Skipped: 0\n[INFO] \n[INFO] ------------------------------------------------------------------------\n[INFO] BUILD SUCCESS\n[INFO] ------------------------------------------------------------------------\n[INFO] Total time:  46.548 s\n[INFO] Finished at: 2023-02-12T23:48:48+01:00\n[INFO] ------------------------------------------------------------------------\n"
    },
    {
      "sha": "83d9adf8eedd81777cd8683c5f2f098e62842d79",
      "status": "success",
      "log": "[INFO] Scanning for projects...\n[INFO] \n[INFO] ------------------------< com.group1:ci-server >------------------------\n[INFO] Building ci-server 0\n[INFO] --------------------------------[ jar ]---------------------------------\n[INFO] \n[INFO] --- maven-clean-plugin:3.1.0:clean (default-clean) @ ci-server ---\n[INFO] Deleting /Users/Erik/Desktop/Programmering/DD2480-CI/ci-server/watched-repository/ci-server/target\n[INFO] \n[INFO] --- maven-resources-plugin:3.0.2:resources (default-resources) @ ci-server ---\n[INFO] Using UTF-8 encoding to copy filtered resources.\n[INFO] skip non existing resourceDirectory /Users/Erik/Desktop/Programmering/DD2480-CI/ci-server/watched-repository/ci-server/src/main/resources\n[INFO] \n[INFO] --- maven-compiler-plugin:3.8.0:compile (default-compile) @ ci-server ---\n[INFO] Changes detected - recompiling the module!\n[INFO] Compiling 7 source files to /Users/Erik/Desktop/Programmering/DD2480-CI/ci-server/watched-repository/ci-server/target/classes\n[INFO] \n[INFO] --- maven-resources-plugin:3.0.2:testResources (default-testResources) @ ci-server ---\n[INFO] Using UTF-8 encoding to copy filtered resources.\n[INFO] skip non existing resourceDirectory /Users/Erik/Desktop/Programmering/DD2480-CI/ci-server/watched-repository/ci-server/src/test/resources\n[INFO] \n[INFO] --- maven-compiler-plugin:3.8.0:testCompile (default-testCompile) @ ci-server ---\n[INFO] Changes detected - recompiling the module!\n[INFO] Compiling 3 source files to /Users/Erik/Desktop/Programmering/DD2480-CI/ci-server/watched-repository/ci-server/target/test-classes\n[INFO] \n[INFO] --- maven-surefire-plugin:2.22.1:test (default-test) @ ci-server ---\n[INFO] \n[INFO] -------------------------------------------------------\n[INFO]  T E S T S\n[INFO] -------------------------------------------------------\n[INFO] Running com.group1.ContinuousIntegrationServerTest\nrunning tests\nrunning tests\n[INFO] Tests run: 10, Failures: 0, Errors: 0, Skipped: 0, Time elapsed: 41.485 s - in com.group1.ContinuousIntegrationServerTest\n[INFO] Running com.group1.RequestExtractionTest\n[INFO] Tests run: 1, Failures: 0, Errors: 0, Skipped: 0, Time elapsed: 3.648 s - in com.group1.RequestExtractionTest\n[INFO] Running com.group1.Output_parserTest\n[INFO] Tests run: 5, Failures: 0, Errors: 0, Skipped: 0, Time elapsed: 0.011 s - in com.group1.Output_parserTest\n[INFO] \n[INFO] Results:\n[INFO] \n[INFO] Tests run: 16, Failures: 0, Errors: 0, Skipped: 0\n[INFO] \n[INFO] ------------------------------------------------------------------------\n[INFO] BUILD SUCCESS\n[INFO] ------------------------------------------------------------------------\n[INFO] Total time:  55.204 s\n[INFO] Finished at: 2023-02-12T23:55:58+01:00\n[INFO] ------------------------------------------------------------------------\n"
    },
    {
      "sha": "82c5aa35ffff50e775548aeede8e880de770d61f",
      "status": "success",
      "log": "[INFO] Scanning for projects...\n[INFO] \n[INFO] ------------------------< com.group1:ci-server >------------------------\n[INFO] Building ci-server 0\n[INFO] --------------------------------[ jar ]---------------------------------\n[INFO] \n[INFO] --- maven-clean-plugin:3.1.0:clean (default-clean) @ ci-server ---\n[INFO] \n[INFO] --- maven-resources-plugin:3.0.2:resources (default-resources) @ ci-server ---\n[INFO] Using UTF-8 encoding to copy filtered resources.\n[INFO] skip non existing resourceDirectory /Users/Erik/Desktop/Programmering/DD2480-CI/ci-server/watched-repository/ci-server/src/main/resources\n[INFO] \n[INFO] --- maven-compiler-plugin:3.8.0:compile (default-compile) @ ci-server ---\n[INFO] Changes detected - recompiling the module!\n[INFO] Compiling 7 source files to /Users/Erik/Desktop/Programmering/DD2480-CI/ci-server/watched-repository/ci-server/target/classes\n[INFO] \n[INFO] --- maven-resources-plugin:3.0.2:testResources (default-testResources) @ ci-server ---\n[INFO] Using UTF-8 encoding to copy filtered resources.\n[INFO] skip non existing resourceDirectory /Users/Erik/Desktop/Programmering/DD2480-CI/ci-server/watched-repository/ci-server/src/test/resources\n[INFO] \n[INFO] --- maven-compiler-plugin:3.8.0:testCompile (default-testCompile) @ ci-server ---\n[INFO] Changes detected - recompiling the module!\n[INFO] Compiling 3 source files to /Users/Erik/Desktop/Programmering/DD2480-CI/ci-server/watched-repository/ci-server/target/test-classes\n[INFO] \n[INFO] --- maven-surefire-plugin:2.22.1:test (default-test) @ ci-server ---\n[INFO] \n[INFO] -------------------------------------------------------\n[INFO]  T E S T S\n[INFO] -------------------------------------------------------\n[INFO] Running com.group1.ContinuousIntegrationServerTest\n[INFO] Tests run: 10, Failures: 0, Errors: 0, Skipped: 0, Time elapsed: 21.624 s - in com.group1.ContinuousIntegrationServerTest\n[INFO] Running com.group1.RequestExtractionTest\n[INFO] Tests run: 1, Failures: 0, Errors: 0, Skipped: 0, Time elapsed: 3.449 s - in com.group1.RequestExtractionTest\n[INFO] Running com.group1.Output_parserTest\n[INFO] Tests run: 5, Failures: 0, Errors: 0, Skipped: 0, Time elapsed: 0.041 s - in com.group1.Output_parserTest\n[INFO] \n[INFO] Results:\n[INFO] \n[INFO] Tests run: 16, Failures: 0, Errors: 0, Skipped: 0\n[INFO] \n[INFO] ------------------------------------------------------------------------\n[INFO] BUILD SUCCESS\n[INFO] ------------------------------------------------------------------------\n[INFO] Total time:  36.010 s\n[INFO] Finished at: 2023-02-12T23:58:36+01:00\n[INFO] ------------------------------------------------------------------------\n"
    },
    {
      "sha": "6608cc3ea62c2422c662de50c16f9f620bc49bac",
      "status": "failed",
      "log": "[INFO] Scanning for projects...\n[INFO] \n[INFO] ------------------------< com.group1:ci-server >------------------------\n[INFO] Building ci-server 0\n[INFO] --------------------------------[ jar ]---------------------------------\n[INFO] \n[INFO] --- maven-clean-plugin:3.1.0:clean (default-clean) @ ci-server ---\n[INFO] \n[INFO] --- maven-resources-plugin:3.0.2:resources (default-resources) @ ci-server ---\n[INFO] Using UTF-8 encoding to copy filtered resources.\n[INFO] skip non existing resourceDirectory /Users/Erik/Desktop/Programmering/DD2480-CI/ci-server/watched-repository/ci-server/src/main/resources\n[INFO] \n[INFO] --- maven-compiler-plugin:3.8.0:compile (default-compile) @ ci-server ---\n[INFO] Changes detected - recompiling the module!\n[INFO] Compiling 7 source files to /Users/Erik/Desktop/Programmering/DD2480-CI/ci-server/watched-repository/ci-server/target/classes\n[INFO] \n[INFO] --- maven-resources-plugin:3.0.2:testResources (default-testResources) @ ci-server ---\n[INFO] Using UTF-8 encoding to copy filtered resources.\n[INFO] skip non existing resourceDirectory /Users/Erik/Desktop/Programmering/DD2480-CI/ci-server/watched-repository/ci-server/src/test/resources\n[INFO] \n[INFO] --- maven-compiler-plugin:3.8.0:testCompile (default-testCompile) @ ci-server ---\n[INFO] Changes detected - recompiling the module!\n[INFO] Compiling 3 source files to /Users/Erik/Desktop/Programmering/DD2480-CI/ci-server/watched-repository/ci-server/target/test-classes\n[INFO] \n[INFO] --- maven-surefire-plugin:2.22.1:test (default-test) @ ci-server ---\n[INFO] \n[INFO] -------------------------------------------------------\n[INFO]  T E S T S\n[INFO] -------------------------------------------------------\n[INFO] Running com.group1.ContinuousIntegrationServerTest\n[INFO] Tests run: 10, Failures: 0, Errors: 0, Skipped: 0, Time elapsed: 14.846 s - in com.group1.ContinuousIntegrationServerTest\n[INFO] Running com.group1.RequestExtractionTest\n[INFO] Tests run: 1, Failures: 0, Errors: 0, Skipped: 0, Time elapsed: 2.525 s - in com.group1.RequestExtractionTest\n[INFO] Running com.group1.Output_parserTest\n[ERROR] Tests run: 5, Failures: 1, Errors: 0, Skipped: 0, Time elapsed: 0.042 s <<< FAILURE! - in com.group1.Output_parserTest\n[ERROR] testSuccess(com.group1.Output_parserTest)  Time elapsed: 0.019 s  <<< FAILURE!\njava.lang.AssertionError\n\tat com.group1.Output_parserTest.testSuccess(Output_parserTest.java:28)\n\n[INFO] \n[INFO] Results:\n[INFO] \n[ERROR] Failures: \n[ERROR]   Output_parserTest.testSuccess:28\n[INFO] \n[ERROR] Tests run: 16, Failures: 1, Errors: 0, Skipped: 0\n[INFO] \n[INFO] ------------------------------------------------------------------------\n[INFO] BUILD FAILURE\n[INFO] ------------------------------------------------------------------------\n[INFO] Total time:  30.268 s\n[INFO] Finished at: 2023-02-13T00:12:14+01:00\n[INFO] ------------------------------------------------------------------------\n[ERROR] Failed to execute goal org.apache.maven.plugins:maven-surefire-plugin:2.22.1:test (default-test) on project ci-server: There are test failures.\n[ERROR] \n[ERROR] Please refer to /Users/Erik/Desktop/Programmering/DD2480-CI/ci-server/watched-repository/ci-server/target/surefire-reports for the individual test results.\n[ERROR] Please refer to dump files (if any exist) [date].dump, [date]-jvmRun[N].dump and [date].dumpstream.\n[ERROR] -> [Help 1]\n[ERROR] \n[ERROR] To see the full stack trace of the errors, re-run Maven with the -e switch.\n[ERROR] Re-run Maven using the -X switch to enable full debug logging.\n[ERROR] \n[ERROR] For more information about the errors and possible solutions, please read the following articles:\n[ERROR] [Help 1] http://cwiki.apache.org/confluence/display/MAVEN/MojoFailureException\n"
    },
    {
      "sha": "e885f3c870ef2f9b48400df28809318da366fe33",
      "status": "success",
      "log": "[INFO] Scanning for projects...\n[INFO] \n[INFO] ------------------------< com.group1:ci-server >------------------------\n[INFO] Building ci-server 0\n[INFO] --------------------------------[ jar ]---------------------------------\n[INFO] \n[INFO] --- maven-clean-plugin:3.1.0:clean (default-clean) @ ci-server ---\n[INFO] \n[INFO] --- maven-resources-plugin:3.0.2:resources (default-resources) @ ci-server ---\n[INFO] Using UTF-8 encoding to copy filtered resources.\n[INFO] skip non existing resourceDirectory /Users/Erik/Desktop/Programmering/DD2480-CI/ci-server/watched-repository/ci-server/src/main/resources\n[INFO] \n[INFO] --- maven-compiler-plugin:3.8.0:compile (default-compile) @ ci-server ---\n[INFO] Changes detected - recompiling the module!\n[INFO] Compiling 7 source files to /Users/Erik/Desktop/Programmering/DD2480-CI/ci-server/watched-repository/ci-server/target/classes\n[INFO] \n[INFO] --- maven-resources-plugin:3.0.2:testResources (default-testResources) @ ci-server ---\n[INFO] Using UTF-8 encoding to copy filtered resources.\n[INFO] skip non existing resourceDirectory /Users/Erik/Desktop/Programmering/DD2480-CI/ci-server/watched-repository/ci-server/src/test/resources\n[INFO] \n[INFO] --- maven-compiler-plugin:3.8.0:testCompile (default-testCompile) @ ci-server ---\n[INFO] Changes detected - recompiling the module!\n[INFO] Compiling 3 source files to /Users/Erik/Desktop/Programmering/DD2480-CI/ci-server/watched-repository/ci-server/target/test-classes\n[INFO] \n[INFO] --- maven-surefire-plugin:2.22.1:test (default-test) @ ci-server ---\n[INFO] \n[INFO] -------------------------------------------------------\n[INFO]  T E S T S\n[INFO] -------------------------------------------------------\n[INFO] Running com.group1.ContinuousIntegrationServerTest\nrunning tests\nrunning tests\n[INFO] Tests run: 10, Failures: 0, Errors: 0, Skipped: 0, Time elapsed: 20.955 s - in com.group1.ContinuousIntegrationServerTest\n[INFO] Running com.group1.RequestExtractionTest\n[INFO] Tests run: 1, Failures: 0, Errors: 0, Skipped: 0, Time elapsed: 2.699 s - in com.group1.RequestExtractionTest\n[INFO] Running com.group1.Output_parserTest\n[INFO] Tests run: 5, Failures: 0, Errors: 0, Skipped: 0, Time elapsed: 0.024 s - in com.group1.Output_parserTest\n[INFO] \n[INFO] Results:\n[INFO] \n[INFO] Tests run: 16, Failures: 0, Errors: 0, Skipped: 0\n[INFO] \n[INFO] ------------------------------------------------------------------------\n[INFO] BUILD SUCCESS\n[INFO] ------------------------------------------------------------------------\n[INFO] Total time:  32.557 s\n[INFO] Finished at: 2023-02-13T00:18:12+01:00\n[INFO] ------------------------------------------------------------------------\n"
    },
    {
      "sha": "7f36db1df8445d9aeb90ffbfd01db741bac96bf0",
      "status": "success",
      "log": "[INFO] Scanning for projects...\n[INFO] \n[INFO] ------------------------< com.group1:ci-server >------------------------\n[INFO] Building ci-server 0\n[INFO] --------------------------------[ jar ]---------------------------------\n[INFO] \n[INFO] --- maven-clean-plugin:3.1.0:clean (default-clean) @ ci-server ---\n[INFO] \n[INFO] --- maven-resources-plugin:3.0.2:resources (default-resources) @ ci-server ---\n[INFO] Using UTF-8 encoding to copy filtered resources.\n[INFO] skip non existing resourceDirectory /Users/Erik/Desktop/Programmering/DD2480-CI/ci-server/watched-repository/ci-server/src/main/resources\n[INFO] \n[INFO] --- maven-compiler-plugin:3.8.0:compile (default-compile) @ ci-server ---\n[INFO] Changes detected - recompiling the module!\n[INFO] Compiling 7 source files to /Users/Erik/Desktop/Programmering/DD2480-CI/ci-server/watched-repository/ci-server/target/classes\n[INFO] \n[INFO] --- maven-resources-plugin:3.0.2:testResources (default-testResources) @ ci-server ---\n[INFO] Using UTF-8 encoding to copy filtered resources.\n[INFO] skip non existing resourceDirectory /Users/Erik/Desktop/Programmering/DD2480-CI/ci-server/watched-repository/ci-server/src/test/resources\n[INFO] \n[INFO] --- maven-compiler-plugin:3.8.0:testCompile (default-testCompile) @ ci-server ---\n[INFO] Changes detected - recompiling the module!\n[INFO] Compiling 3 source files to /Users/Erik/Desktop/Programmering/DD2480-CI/ci-server/watched-repository/ci-server/target/test-classes\n[INFO] \n[INFO] --- maven-surefire-plugin:2.22.1:test (default-test) @ ci-server ---\n[INFO] \n[INFO] -------------------------------------------------------\n[INFO]  T E S T S\n[INFO] -------------------------------------------------------\n[INFO] Running com.group1.ContinuousIntegrationServerTest\nrunning tests\nrunning tests\n[INFO] Tests run: 10, Failures: 0, Errors: 0, Skipped: 0, Time elapsed: 20.088 s - in com.group1.ContinuousIntegrationServerTest\n[INFO] Running com.group1.RequestExtractionTest\n[INFO] Tests run: 1, Failures: 0, Errors: 0, Skipped: 0, Time elapsed: 3.363 s - in com.group1.RequestExtractionTest\n[INFO] Running com.group1.Output_parserTest\n[INFO] Tests run: 5, Failures: 0, Errors: 0, Skipped: 0, Time elapsed: 0.02 s - in com.group1.Output_parserTest\n[INFO] \n[INFO] Results:\n[INFO] \n[INFO] Tests run: 16, Failures: 0, Errors: 0, Skipped: 0\n[INFO] \n[INFO] ------------------------------------------------------------------------\n[INFO] BUILD SUCCESS\n[INFO] ------------------------------------------------------------------------\n[INFO] Total time:  31.787 s\n[INFO] Finished at: 2023-02-13T00:19:00+01:00\n[INFO] ------------------------------------------------------------------------\n"
    },
    {
      "sha": "c237b7f113f2f70579fc97ec47651cf23146658a",
      "status": "success",
      "log": "[INFO] Scanning for projects...\n[INFO] \n[INFO] ------------------------< com.group1:ci-server >------------------------\n[INFO] Building ci-server 0\n[INFO] --------------------------------[ jar ]---------------------------------\n[INFO] \n[INFO] --- maven-clean-plugin:3.1.0:clean (default-clean) @ ci-server ---\n[INFO] \n[INFO] --- maven-resources-plugin:3.0.2:resources (default-resources) @ ci-server ---\n[INFO] Using UTF-8 encoding to copy filtered resources.\n[INFO] skip non existing resourceDirectory /Users/Erik/Desktop/Programmering/DD2480-CI/ci-server/watched-repository/ci-server/src/main/resources\n[INFO] \n[INFO] --- maven-compiler-plugin:3.8.0:compile (default-compile) @ ci-server ---\n[INFO] Changes detected - recompiling the module!\n[INFO] Compiling 7 source files to /Users/Erik/Desktop/Programmering/DD2480-CI/ci-server/watched-repository/ci-server/target/classes\n[INFO] \n[INFO] --- maven-resources-plugin:3.0.2:testResources (default-testResources) @ ci-server ---\n[INFO] Using UTF-8 encoding to copy filtered resources.\n[INFO] skip non existing resourceDirectory /Users/Erik/Desktop/Programmering/DD2480-CI/ci-server/watched-repository/ci-server/src/test/resources\n[INFO] \n[INFO] --- maven-compiler-plugin:3.8.0:testCompile (default-testCompile) @ ci-server ---\n[INFO] Changes detected - recompiling the module!\n[INFO] Compiling 3 source files to /Users/Erik/Desktop/Programmering/DD2480-CI/ci-server/watched-repository/ci-server/target/test-classes\n[INFO] \n[INFO] --- maven-surefire-plugin:2.22.1:test (default-test) @ ci-server ---\n[INFO] \n[INFO] -------------------------------------------------------\n[INFO]  T E S T S\n[INFO] -------------------------------------------------------\n[INFO] Running com.group1.ContinuousIntegrationServerTest\nrunning tests\nrunning tests\n[INFO] Tests run: 10, Failures: 0, Errors: 0, Skipped: 0, Time elapsed: 32.409 s - in com.group1.ContinuousIntegrationServerTest\n[INFO] Running com.group1.RequestExtractionTest\n[INFO] Tests run: 1, Failures: 0, Errors: 0, Skipped: 0, Time elapsed: 3.683 s - in com.group1.RequestExtractionTest\n[INFO] Running com.group1.Output_parserTest\n[INFO] Tests run: 5, Failures: 0, Errors: 0, Skipped: 0, Time elapsed: 0.044 s - in com.group1.Output_parserTest\n[INFO] \n[INFO] Results:\n[INFO] \n[INFO] Tests run: 16, Failures: 0, Errors: 0, Skipped: 0\n[INFO] \n[INFO] ------------------------------------------------------------------------\n[INFO] BUILD SUCCESS\n[INFO] ------------------------------------------------------------------------\n[INFO] Total time:  48.501 s\n[INFO] Finished at: 2023-02-13T00:23:16+01:00\n[INFO] ------------------------------------------------------------------------\n"
    },
    {
      "sha": "f4c02d6eb5b959c73411216e590bb0f21bfea9c7",
      "status": "success",
      "log": "[INFO] Scanning for projects...\n[INFO] \n[INFO] ------------------------< com.group1:ci-server >------------------------\n[INFO] Building ci-server 0\n[INFO] --------------------------------[ jar ]---------------------------------\n[INFO] \n[INFO] --- maven-clean-plugin:3.1.0:clean (default-clean) @ ci-server ---\n[INFO] \n[INFO] --- maven-resources-plugin:3.0.2:resources (default-resources) @ ci-server ---\n[INFO] Using UTF-8 encoding to copy filtered resources.\n[INFO] skip non existing resourceDirectory /Users/Erik/Desktop/Programmering/DD2480-CI/ci-server/watched-repository/ci-server/src/main/resources\n[INFO] \n[INFO] --- maven-compiler-plugin:3.8.0:compile (default-compile) @ ci-server ---\n[INFO] Changes detected - recompiling the module!\n[INFO] Compiling 7 source files to /Users/Erik/Desktop/Programmering/DD2480-CI/ci-server/watched-repository/ci-server/target/classes\n[INFO] \n[INFO] --- maven-resources-plugin:3.0.2:testResources (default-testResources) @ ci-server ---\n[INFO] Using UTF-8 encoding to copy filtered resources.\n[INFO] skip non existing resourceDirectory /Users/Erik/Desktop/Programmering/DD2480-CI/ci-server/watched-repository/ci-server/src/test/resources\n[INFO] \n[INFO] --- maven-compiler-plugin:3.8.0:testCompile (default-testCompile) @ ci-server ---\n[INFO] Changes detected - recompiling the module!\n[INFO] Compiling 3 source files to /Users/Erik/Desktop/Programmering/DD2480-CI/ci-server/watched-repository/ci-server/target/test-classes\n[INFO] \n[INFO] --- maven-surefire-plugin:2.22.1:test (default-test) @ ci-server ---\n[INFO] \n[INFO] -------------------------------------------------------\n[INFO]  T E S T S\n[INFO] -------------------------------------------------------\n[INFO] Running com.group1.ContinuousIntegrationServerTest\nrunning tests\nrunning tests\n[INFO] Tests run: 10, Failures: 0, Errors: 0, Skipped: 0, Time elapsed: 31.503 s - in com.group1.ContinuousIntegrationServerTest\n[INFO] Running com.group1.RequestExtractionTest\n[INFO] Tests run: 1, Failures: 0, Errors: 0, Skipped: 0, Time elapsed: 4.198 s - in com.group1.RequestExtractionTest\n[INFO] Running com.group1.Output_parserTest\n[INFO] Tests run: 5, Failures: 0, Errors: 0, Skipped: 0, Time elapsed: 0.012 s - in com.group1.Output_parserTest\n[INFO] \n[INFO] Results:\n[INFO] \n[INFO] Tests run: 16, Failures: 0, Errors: 0, Skipped: 0\n[INFO] \n[INFO] ------------------------------------------------------------------------\n[INFO] BUILD SUCCESS\n[INFO] ------------------------------------------------------------------------\n[INFO] Total time:  59.406 s\n[INFO] Finished at: 2023-02-13T01:13:15+01:00\n[INFO] ------------------------------------------------------------------------\n"
    },
    {
      "sha": "41cfb3271b3dd616979b1b504d8709f7e7882572",
      "status": "failed",
      "log": "[INFO] Scanning for projects...\n[INFO] \n[INFO] ------------------------< com.group1:ci-server >------------------------\n[INFO] Building ci-server 0\n[INFO] --------------------------------[ jar ]---------------------------------\n[INFO] \n[INFO] --- maven-clean-plugin:3.1.0:clean (default-clean) @ ci-server ---\n[INFO] Deleting /Users/Erik/Desktop/Programmering/DD2480-CI/ci-server/watched-repository/ci-server/target\n[INFO] \n[INFO] --- maven-resources-plugin:3.0.2:resources (default-resources) @ ci-server ---\n[INFO] Using UTF-8 encoding to copy filtered resources.\n[INFO] skip non existing resourceDirectory /Users/Erik/Desktop/Programmering/DD2480-CI/ci-server/watched-repository/ci-server/src/main/resources\n[INFO] \n[INFO] --- maven-compiler-plugin:3.8.0:compile (default-compile) @ ci-server ---\n[INFO] Changes detected - recompiling the module!\n[INFO] Compiling 7 source files to /Users/Erik/Desktop/Programmering/DD2480-CI/ci-server/watched-repository/ci-server/target/classes\n[INFO] \n[INFO] --- maven-resources-plugin:3.0.2:testResources (default-testResources) @ ci-server ---\n[INFO] Using UTF-8 encoding to copy filtered resources.\n[INFO] skip non existing resourceDirectory /Users/Erik/Desktop/Programmering/DD2480-CI/ci-server/watched-repository/ci-server/src/test/resources\n[INFO] \n[INFO] --- maven-compiler-plugin:3.8.0:testCompile (default-testCompile) @ ci-server ---\n[INFO] Changes detected - recompiling the module!\n[INFO] Compiling 3 source files to /Users/Erik/Desktop/Programmering/DD2480-CI/ci-server/watched-repository/ci-server/target/test-classes\n[INFO] \n[INFO] --- maven-surefire-plugin:2.22.1:test (default-test) @ ci-server ---\n[INFO] \n[INFO] -------------------------------------------------------\n[INFO]  T E S T S\n[INFO] -------------------------------------------------------\n[INFO] Running com.group1.ContinuousIntegrationServerTest\nrunning tests\n[ERROR] Tests run: 10, Failures: 1, Errors: 2, Skipped: 0, Time elapsed: 16.965 s <<< FAILURE! - in com.group1.ContinuousIntegrationServerTest\n[ERROR] output_from_compileAndRunTests_is_written_to_file(com.group1.ContinuousIntegrationServerTest)  Time elapsed: 8.24 s  <<< FAILURE!\njava.lang.AssertionError\n\tat com.group1.ContinuousIntegrationServerTest.output_from_compileAndRunTests_is_written_to_file(ContinuousIntegrationServerTest.java:91)\n\n[ERROR] appendCommit_throws_exception_for_json_file_without_top_level_commit_attribute(com.group1.ContinuousIntegrationServerTest)  Time elapsed: 0.001 s  <<< ERROR!\njava.lang.Exception: Unexpected exception, expected<java.lang.IllegalArgumentException> but was<java.io.FileNotFoundException>\n\tat com.group1.ContinuousIntegrationServerTest.appendCommit_throws_exception_for_json_file_without_top_level_commit_attribute(ContinuousIntegrationServerTest.java:157)\n\n[ERROR] compileAndRunTests_creates_directory_called_target_for_well_formed_maven_project(com.group1.ContinuousIntegrationServerTest)  Time elapsed: 0 s  <<< ERROR!\njava.lang.IllegalArgumentException: targetDirectory is not a maven directory\n\tat com.group1.ContinuousIntegrationServerTest.compileAndRunTests_creates_directory_called_target_for_well_formed_maven_project(ContinuousIntegrationServerTest.java:102)\n\n[INFO] Running com.group1.RequestExtractionTest\n[ERROR] Tests run: 1, Failures: 0, Errors: 1, Skipped: 0, Time elapsed: 2.872 s <<< FAILURE! - in com.group1.RequestExtractionTest\n[ERROR] getRepositoryUrlFromRequestTest(com.group1.RequestExtractionTest)  Time elapsed: 2.872 s  <<< ERROR!\njava.lang.NoClassDefFoundError: com/group1/RequestExtraction\n\tat com.group1.RequestExtractionTest.getRepositoryUrlFromRequestTest(RequestExtractionTest.java:36)\nCaused by: java.lang.ClassNotFoundException: com.group1.RequestExtraction\n\tat com.group1.RequestExtractionTest.getRepositoryUrlFromRequestTest(RequestExtractionTest.java:36)\n\n[INFO] Running com.group1.Output_parserTest\n[ERROR] Tests run: 5, Failures: 0, Errors: 5, Skipped: 0, Time elapsed: 0.006 s <<< FAILURE! - in com.group1.Output_parserTest\n[ERROR] compileFail(com.group1.Output_parserTest)  Time elapsed: 0 s  <<< ERROR!\njava.lang.NoClassDefFoundError: com/group1/Output_parser\n\tat com.group1.Output_parserTest.compileFail(Output_parserTest.java:18)\nCaused by: java.lang.ClassNotFoundException: com.group1.Output_parser\n\tat com.group1.Output_parserTest.compileFail(Output_parserTest.java:18)\n\n[ERROR] testFail(com.group1.Output_parserTest)  Time elapsed: 0 s  <<< ERROR!\njava.lang.NoClassDefFoundError: com/group1/Output_parser\n\tat com.group1.Output_parserTest.testFail(Output_parserTest.java:25)\nCaused by: java.lang.ClassNotFoundException: com.group1.Output_parser\n\tat com.group1.Output_parserTest.testFail(Output_parserTest.java:25)\n\n[ERROR] falseConclusion(com.group1.Output_parserTest)  Time elapsed: 0 s  <<< ERROR!\njava.lang.NoClassDefFoundError: com/group1/Output_parser\n\tat com.group1.Output_parserTest.falseConclusion(Output_parserTest.java:46)\nCaused by: java.lang.ClassNotFoundException: com.group1.Output_parser\n\tat com.group1.Output_parserTest.falseConclusion(Output_parserTest.java:46)\n\n[ERROR] nonexistentFile(com.group1.Output_parserTest)  Time elapsed: 0 s  <<< ERROR!\njava.lang.Exception: Unexpected exception, expected<java.io.IOException> but was<java.lang.NoClassDefFoundError>\n\tat com.group1.Output_parserTest.nonexistentFile(Output_parserTest.java:38)\nCaused by: java.lang.ClassNotFoundException: com.group1.Output_parser\n\tat com.group1.Output_parserTest.nonexistentFile(Output_parserTest.java:38)\n\n[ERROR] testSuccess(com.group1.Output_parserTest)  Time elapsed: 0.003 s  <<< ERROR!\njava.lang.NoClassDefFoundError: com/group1/Output_parser\n\tat com.group1.Output_parserTest.testSuccess(Output_parserTest.java:32)\nCaused by: java.lang.ClassNotFoundException: com.group1.Output_parser\n\tat com.group1.Output_parserTest.testSuccess(Output_parserTest.java:32)\n\n[INFO] \n[INFO] Results:\n[INFO] \n[ERROR] Failures: \n[ERROR]   ContinuousIntegrationServerTest.output_from_compileAndRunTests_is_written_to_file:91\n[ERROR] Errors: \n[ERROR]   ContinuousIntegrationServerTest.appendCommit_throws_exception_for_json_file_without_top_level_commit_attribute  \n[ERROR]   ContinuousIntegrationServerTest.compileAndRunTests_creates_directory_called_target_for_well_formed_maven_project:102  IllegalArgument\n[ERROR]   Output_parserTest.compileFail:18 NoClassDefFound com/group1/Output_parser\n[ERROR]   Output_parserTest.falseConclusion:46 NoClassDefFound com/group1/Output_parser\n[ERROR]   Output_parserTest.nonexistentFile   Unexpected exception, expected<java.io.IO...\n[ERROR]   Output_parserTest.testFail:25 NoClassDefFound com/group1/Output_parser\n[ERROR]   Output_parserTest.testSuccess:32 NoClassDefFound com/group1/Output_parser\n[ERROR]   RequestExtractionTest.getRepositoryUrlFromRequestTest:36 NoClassDefFound com/g...\n[INFO] \n[ERROR] Tests run: 16, Failures: 1, Errors: 8, Skipped: 0\n[INFO] \n[INFO] ------------------------------------------------------------------------\n[INFO] BUILD FAILURE\n[INFO] ------------------------------------------------------------------------\n[INFO] Total time:  34.389 s\n[INFO] Finished at: 2023-02-13T01:18:01+01:00\n[INFO] ------------------------------------------------------------------------\n[ERROR] Failed to execute goal org.apache.maven.plugins:maven-surefire-plugin:2.22.1:test (default-test) on project ci-server: There are test failures.\n[ERROR] \n[ERROR] Please refer to /Users/Erik/Desktop/Programmering/DD2480-CI/ci-server/watched-repository/ci-server/target/surefire-reports for the individual test results.\n[ERROR] Please refer to dump files (if any exist) [date].dump, [date]-jvmRun[N].dump and [date].dumpstream.\n[ERROR] -> [Help 1]\n[ERROR] \n[ERROR] To see the full stack trace of the errors, re-run Maven with the -e switch.\n[ERROR] Re-run Maven using the -X switch to enable full debug logging.\n[ERROR] \n[ERROR] For more information about the errors and possible solutions, please read the following articles:\n[ERROR] [Help 1] http://cwiki.apache.org/confluence/display/MAVEN/MojoFailureException\n"
    },
    {
      "sha": "568c88b058f92b4d6ee91e0a55f74e4cbbcf4b0a",
      "status": "success",
      "log": "[INFO] Scanning for projects...\n[INFO] \n[INFO] ------------------------< com.group1:ci-server >------------------------\n[INFO] Building ci-server 0\n[INFO] --------------------------------[ jar ]---------------------------------\n[INFO] \n[INFO] --- maven-clean-plugin:3.1.0:clean (default-clean) @ ci-server ---\n[INFO] \n[INFO] --- maven-resources-plugin:3.0.2:resources (default-resources) @ ci-server ---\n[INFO] Using UTF-8 encoding to copy filtered resources.\n[INFO] skip non existing resourceDirectory /Users/Erik/Desktop/Programmering/DD2480-CI/ci-server/watched-repository/ci-server/src/main/resources\n[INFO] \n[INFO] --- maven-compiler-plugin:3.8.0:compile (default-compile) @ ci-server ---\n[INFO] Changes detected - recompiling the module!\n[INFO] Compiling 7 source files to /Users/Erik/Desktop/Programmering/DD2480-CI/ci-server/watched-repository/ci-server/target/classes\n[INFO] \n[INFO] --- maven-resources-plugin:3.0.2:testResources (default-testResources) @ ci-server ---\n[INFO] Using UTF-8 encoding to copy filtered resources.\n[INFO] skip non existing resourceDirectory /Users/Erik/Desktop/Programmering/DD2480-CI/ci-server/watched-repository/ci-server/src/test/resources\n[INFO] \n[INFO] --- maven-compiler-plugin:3.8.0:testCompile (default-testCompile) @ ci-server ---\n[INFO] Changes detected - recompiling the module!\n[INFO] Compiling 3 source files to /Users/Erik/Desktop/Programmering/DD2480-CI/ci-server/watched-repository/ci-server/target/test-classes\n[INFO] \n[INFO] --- maven-surefire-plugin:2.22.1:test (default-test) @ ci-server ---\n[INFO] \n[INFO] -------------------------------------------------------\n[INFO]  T E S T S\n[INFO] -------------------------------------------------------\n[INFO] Running com.group1.ContinuousIntegrationServerTest\nrunning tests\nrunning tests\n[INFO] Tests run: 10, Failures: 0, Errors: 0, Skipped: 0, Time elapsed: 31.93 s - in com.group1.ContinuousIntegrationServerTest\n[INFO] Running com.group1.RequestExtractionTest\n[INFO] Tests run: 1, Failures: 0, Errors: 0, Skipped: 0, Time elapsed: 5.623 s - in com.group1.RequestExtractionTest\n[INFO] Running com.group1.Output_parserTest\n[INFO] Tests run: 5, Failures: 0, Errors: 0, Skipped: 0, Time elapsed: 0.048 s - in com.group1.Output_parserTest\n[INFO] \n[INFO] Results:\n[INFO] \n[INFO] Tests run: 16, Failures: 0, Errors: 0, Skipped: 0\n[INFO] \n[INFO] ------------------------------------------------------------------------\n[INFO] BUILD SUCCESS\n[INFO] ------------------------------------------------------------------------\n[INFO] Total time:  53.047 s\n[INFO] Finished at: 2023-02-13T01:28:26+01:00\n[INFO] ------------------------------------------------------------------------\n"
    },
    {
      "sha": "568c88b058f92b4d6ee91e0a55f74e4cbbcf4b0a",
      "status": "failed",
      "log": "[INFO] Scanning for projects...\n[INFO] \n[INFO] ------------------------< com.group1:ci-server >------------------------\n[INFO] Building ci-server 0\n[INFO] --------------------------------[ jar ]---------------------------------\n[INFO] \n[INFO] --- maven-clean-plugin:3.1.0:clean (default-clean) @ ci-server ---\n[INFO] Deleting /Users/Erik/Desktop/Programmering/DD2480-CI/ci-server/watched-repository/ci-server/target\n[INFO] \n[INFO] --- maven-resources-plugin:3.0.2:resources (default-resources) @ ci-server ---\n[INFO] Using UTF-8 encoding to copy filtered resources.\n[INFO] skip non existing resourceDirectory /Users/Erik/Desktop/Programmering/DD2480-CI/ci-server/watched-repository/ci-server/src/main/resources\n[INFO] \n[INFO] --- maven-compiler-plugin:3.8.0:compile (default-compile) @ ci-server ---\n[INFO] Changes detected - recompiling the module!\n[INFO] Compiling 7 source files to /Users/Erik/Desktop/Programmering/DD2480-CI/ci-server/watched-repository/ci-server/target/classes\n[INFO] \n[INFO] --- maven-resources-plugin:3.0.2:testResources (default-testResources) @ ci-server ---\n[INFO] Using UTF-8 encoding to copy filtered resources.\n[INFO] skip non existing resourceDirectory /Users/Erik/Desktop/Programmering/DD2480-CI/ci-server/watched-repository/ci-server/src/test/resources\n[INFO] \n[INFO] --- maven-compiler-plugin:3.8.0:testCompile (default-testCompile) @ ci-server ---\n[INFO] Changes detected - recompiling the module!\n[INFO] Compiling 3 source files to /Users/Erik/Desktop/Programmering/DD2480-CI/ci-server/watched-repository/ci-server/target/test-classes\n[INFO] \n[INFO] --- maven-surefire-plugin:2.22.1:test (default-test) @ ci-server ---\n[INFO] \n[INFO] -------------------------------------------------------\n[INFO]  T E S T S\n[INFO] -------------------------------------------------------\n[INFO] Running com.group1.ContinuousIntegrationServerTest\nrunning tests\nrunning tests\n[INFO] Tests run: 10, Failures: 0, Errors: 0, Skipped: 0, Time elapsed: 35.51 s - in com.group1.ContinuousIntegrationServerTest\n[INFO] Running com.group1.RequestExtractionTest\n[INFO] Tests run: 1, Failures: 0, Errors: 0, Skipped: 0, Time elapsed: 3.062 s - in com.group1.RequestExtractionTest\n[INFO] Running com.group1.Output_parserTest\n[INFO] Tests run: 5, Failures: 0, Errors: 0, Skipped: 0, Time elapsed: 0.029 s - in com.group1.Output_parserTest\n[INFO] \n[INFO] Results:\n[INFO] \n[INFO] Tests run: 16, Failures: 0, Errors: 0, Skipped: 0\n[INFO] \n[INFO] ------------------------------------------------------------------------\n[INFO] BUILD SUCCESS\n[INFO] ------------------------------------------------------------------------\n[INFO] Total time:  48.941 s\n[INFO] Finished at: 2023-02-13T01:34:44+01:00\n[INFO] ------------------------------------------------------------------------\n] output_from_compileAndRunTests_is_written_to_file(com.group1.ContinuousIntegrationServerTest)  Time elapsed: 0.038 s  <<< ERROR!\njava.lang.IllegalArgumentException: targetDirectory is not a maven directory\n\tat com.group1.ContinuousIntegrationServerTest.output_from_compileAndRunTests_is_written_to_file(ContinuousIntegrationServerTest.java:94)\n\n[ERROR] appendCommit_throws_exception_for_non_json_file(com.group1.ContinuousIntegrationServerTest)  Time elapsed: 0.01 s  <<< ERROR!\njava.lang.Exception: Unexpected exception, expected<java.lang.IllegalArgumentException> but was<java.lang.NoClassDefFoundError>\n\tat com.group1.ContinuousIntegrationServerTest.appendCommit_throws_exception_for_non_json_file(ContinuousIntegrationServerTest.java:166)\nCaused by: java.lang.ClassNotFoundException: com.group1.Commit\n\tat com.group1.ContinuousIntegrationServerTest.appendCommit_throws_exception_for_non_json_file(ContinuousIntegrationServerTest.java:166)\n\n[ERROR] appendCommit_throws_exception_for_json_file_without_top_level_commit_attribute(com.group1.ContinuousIntegrationServerTest)  Time elapsed: 0.005 s  <<< ERROR!\njava.lang.Exception: Unexpected exception, expected<java.lang.IllegalArgumentException> but was<java.io.FileNotFoundException>\n\tat com.group1.ContinuousIntegrationServerTest.appendCommit_throws_exception_for_json_file_without_top_level_commit_attribute(ContinuousIntegrationServerTest.java:178)\n\n[ERROR] compileAndRunTests_creates_directory_called_target_for_well_formed_maven_project(com.group1.ContinuousIntegrationServerTest)  Time elapsed: 0.003 s  <<< ERROR!\njava.lang.IllegalArgumentException: targetDirectory is not a maven directory\n\tat com.group1.ContinuousIntegrationServerTest.compileAndRunTests_creates_directory_called_target_for_well_formed_maven_project(ContinuousIntegrationServerTest.java:111)\n\n[INFO] Running com.group1.RequestExtractionTest\n[ERROR] Tests run: 1, Failures: 0, Errors: 1, Skipped: 0, Time elapsed: 6.835 s <<< FAILURE! - in com.group1.RequestExtractionTest\n[ERROR] getRepositoryUrlFromRequestTest(com.group1.RequestExtractionTest)  Time elapsed: 6.834 s  <<< ERROR!\njava.lang.NoClassDefFoundError: com/group1/RequestExtraction\n\tat com.group1.RequestExtractionTest.getRepositoryUrlFromRequestTest(RequestExtractionTest.java:35)\nCaused by: java.lang.ClassNotFoundException: com.group1.RequestExtraction\n\tat com.group1.RequestExtractionTest.getRepositoryUrlFromRequestTest(RequestExtractionTest.java:35)\n\n[INFO] Running com.group1.Output_parserTest\n[ERROR] Tests run: 5, Failures: 0, Errors: 5, Skipped: 0, Time elapsed: 0.058 s <<< FAILURE! - in com.group1.Output_parserTest\n[ERROR] compileFail(com.group1.Output_parserTest)  Time elapsed: 0 s  <<< ERROR!\njava.lang.NoClassDefFoundError: com/group1/Output_parser\n\tat com.group1.Output_parserTest.compileFail(Output_parserTest.java:25)\nCaused by: java.lang.ClassNotFoundException: com.group1.Output_parser\n\tat com.group1.Output_parserTest.compileFail(Output_parserTest.java:25)\n\n[ERROR] testFail(com.group1.Output_parserTest)  Time elapsed: 0 s  <<< ERROR!\njava.lang.NoClassDefFoundError: com/group1/Output_parser\n\tat com.group1.Output_parserTest.testFail(Output_parserTest.java:36)\nCaused by: java.lang.ClassNotFoundException: com.group1.Output_parser\n\tat com.group1.Output_parserTest.testFail(Output_parserTest.java:36)\n\n[ERROR] falseConclusion(com.group1.Output_parserTest)  Time elapsed: 0.001 s  <<< ERROR!\njava.lang.NoClassDefFoundError: com/group1/Output_parser\n\tat com.group1.Output_parserTest.falseConclusion(Output_parserTest.java:71)\nCaused by: java.lang.ClassNotFoundException: com.group1.Output_parser\n\tat com.group1.Output_parserTest.falseConclusion(Output_parserTest.java:71)\n\n[ERROR] nonexistentFile(com.group1.Output_parserTest)  Time elapsed: 0.05 s  <<< ERROR!\njava.lang.Exception: Unexpected exception, expected<java.io.IOException> but was<java.lang.NoClassDefFoundError>\n\tat com.group1.Output_parserTest.nonexistentFile(Output_parserTest.java:59)\nCaused by: java.lang.ClassNotFoundException: com.group1.Output_parser\n\tat com.group1.Output_parserTest.nonexistentFile(Output_parserTest.java:59)\n\n[ERROR] testSuccess(com.group1.Output_parserTest)  Time elapsed: 0.005 s  <<< ERROR!\njava.lang.NoClassDefFoundError: com/group1/Output_parser\n\tat com.group1.Output_parserTest.testSuccess(Output_parserTest.java:47)\nCaused by: java.lang.ClassNotFoundException: com.group1.Output_parser\n\tat com.group1.Output_parserTest.testSuccess(Output_parserTest.java:47)\n\n[INFO] \n[INFO] Results:\n[INFO] \n[ERROR] Failures: \n[ERROR]   ContinuousIntegrationServerTest.repositoryCreatedTest:51\n[ERROR] Errors: \n[ERROR]   ContinuousIntegrationServerTest.appendCommit_appends_commit:145  FileNotFound\n[ERROR]   ContinuousIntegrationServerTest.appendCommit_throws_exception_for_json_file_without_top_level_commit_attribute  \n[ERROR]   ContinuousIntegrationServerTest.appendCommit_throws_exception_for_non_json_file  \n[ERROR]   ContinuousIntegrationServerTest.compileAndRunTests_creates_directory_called_target_for_well_formed_maven_project:111  IllegalArgument\n[ERROR]   ContinuousIntegrationServerTest.output_from_compileAndRunTests_is_written_to_file:94  IllegalArgument\n[ERROR]   ContinuousIntegrationServerTest.repositoryNotEmptyCloningTest:65  DownloadFailed\n[ERROR]   Output_parserTest.compileFail:25 NoClassDefFound com/group1/Output_parser\n[ERROR]   Output_parserTest.falseConclusion:71 NoClassDefFound com/group1/Output_parser\n[ERROR]   Output_parserTest.nonexistentFile   Unexpected exception, expected<java.io.IO...\n[ERROR]   Output_parserTest.testFail:36 NoClassDefFound com/group1/Output_parser\n[ERROR]   Output_parserTest.testSuccess:47 NoClassDefFound com/group1/Output_parser\n[ERROR]   RequestExtractionTest.getRepositoryUrlFromRequestTest:35 NoClassDefFound com/g...\n[INFO] \n[ERROR] Tests run: 16, Failures: 1, Errors: 12, Skipped: 0\n[INFO] \n[INFO] ------------------------------------------------------------------------\n[INFO] BUILD FAILURE\n[INFO] ------------------------------------------------------------------------\n[INFO] Total time:  27.592 s\n[INFO] Finished at: 2023-02-13T01:33:54+01:00\n[INFO] ------------------------------------------------------------------------\n[ERROR] Failed to execute goal org.apache.maven.plugins:maven-surefire-plugin:2.22.1:test (default-test) on project ci-server: There are test failures.\n[ERROR] \n[ERROR] Please refer to /Users/Erik/Desktop/Programmering/DD2480-CI/ci-server/watched-repository/ci-server/target/surefire-reports for the individual test results.\n[ERROR] Please refer to dump files (if any exist) [date].dump, [date]-jvmRun[N].dump and [date].dumpstream.\n[ERROR] -> [Help 1]\n[ERROR] \n[ERROR] To see the full stack trace of the errors, re-run Maven with the -e switch.\n[ERROR] Re-run Maven using the -X switch to enable full debug logging.\n[ERROR] \n[ERROR] For more information about the errors and possible solutions, please read the following articles:\n[ERROR] [Help 1] http://cwiki.apache.org/confluence/display/MAVEN/MojoFailureException\n"
    },
    {
      "sha": "568c88b058f92b4d6ee91e0a55f74e4cbbcf4b0a",
      "status": "success",
      "log": "[INFO] Scanning for projects...\n[INFO] \n[INFO] ------------------------< com.group1:ci-server >------------------------\n[INFO] Building ci-server 0\n[INFO] --------------------------------[ jar ]---------------------------------\n[INFO] \n[INFO] --- maven-clean-plugin:3.1.0:clean (default-clean) @ ci-server ---\n[INFO] \n[INFO] --- maven-resources-plugin:3.0.2:resources (default-resources) @ ci-server ---\n[INFO] Using UTF-8 encoding to copy filtered resources.\n[INFO] skip non existing resourceDirectory /Users/Erik/Desktop/Programmering/DD2480-CI/ci-server/watched-repository/ci-server/src/main/resources\n[INFO] \n[INFO] --- maven-compiler-plugin:3.8.0:compile (default-compile) @ ci-server ---\n[INFO] Changes detected - recompiling the module!\n[INFO] Compiling 7 source files to /Users/Erik/Desktop/Programmering/DD2480-CI/ci-server/watched-repository/ci-server/target/classes\n[INFO] \n[INFO] --- maven-resources-plugin:3.0.2:testResources (default-testResources) @ ci-server ---\n[INFO] Using UTF-8 encoding to copy filtered resources.\n[INFO] skip non existing resourceDirectory /Users/Erik/Desktop/Programmering/DD2480-CI/ci-server/watched-repository/ci-server/src/test/resources\n[INFO] \n[INFO] --- maven-compiler-plugin:3.8.0:testCompile (default-testCompile) @ ci-server ---\n[INFO] Changes detected - recompiling the module!\n[INFO] Compiling 3 source files to /Users/Erik/Desktop/Programmering/DD2480-CI/ci-server/watched-repository/ci-server/target/test-classes\n[INFO] \n[INFO] --- maven-surefire-plugin:2.22.1:test (default-test) @ ci-server ---\n[INFO] \n[INFO] -------------------------------------------------------\n[INFO]  T E S T S\n[INFO] -------------------------------------------------------\n[INFO] Running com.group1.ContinuousIntegrationServerTest\nrunning tests\nrunning tests\n[INFO] Tests run: 10, Failures: 0, Errors: 0, Skipped: 0, Time elapsed: 44.503 s - in com.group1.ContinuousIntegrationServerTest\n[INFO] Running com.group1.RequestExtractionTest\n[INFO] Tests run: 1, Failures: 0, Errors: 0, Skipped: 0, Time elapsed: 3.901 s - in com.group1.RequestExtractionTest\n[INFO] Running com.group1.Output_parserTest\n[INFO] Tests run: 5, Failures: 0, Errors: 0, Skipped: 0, Time elapsed: 0.044 s - in com.group1.Output_parserTest\n[INFO] \n[INFO] Results:\n[INFO] \n[INFO] Tests run: 16, Failures: 0, Errors: 0, Skipped: 0\n[INFO] \n[INFO] ------------------------------------------------------------------------\n[INFO] BUILD SUCCESS\n[INFO] ------------------------------------------------------------------------\n[INFO] Total time:  59.845 s\n[INFO] Finished at: 2023-02-13T01:37:26+01:00\n[INFO] ------------------------------------------------------------------------\n"
    },
    {
      "sha": "628b130dcc24d6b4cd8d796636e290750cc27aa6",
      "status": "success",
      "log": "[INFO] Scanning for projects...\n[INFO] \n[INFO] ------------------------< com.group1:ci-server >------------------------\n[INFO] Building ci-server 0\n[INFO] --------------------------------[ jar ]---------------------------------\n[INFO] \n[INFO] --- maven-clean-plugin:3.1.0:clean (default-clean) @ ci-server ---\n[INFO] \n[INFO] --- maven-resources-plugin:3.0.2:resources (default-resources) @ ci-server ---\n[INFO] Using UTF-8 encoding to copy filtered resources.\n[INFO] skip non existing resourceDirectory /Users/Erik/Desktop/Programmering/DD2480-CI/ci-server/watched-repository/ci-server/src/main/resources\n[INFO] \n[INFO] --- maven-compiler-plugin:3.8.0:compile (default-compile) @ ci-server ---\n[INFO] Changes detected - recompiling the module!\n[INFO] Compiling 7 source files to /Users/Erik/Desktop/Programmering/DD2480-CI/ci-server/watched-repository/ci-server/target/classes\n[INFO] \n[INFO] --- maven-resources-plugin:3.0.2:testResources (default-testResources) @ ci-server ---\n[INFO] Using UTF-8 encoding to copy filtered resources.\n[INFO] skip non existing resourceDirectory /Users/Erik/Desktop/Programmering/DD2480-CI/ci-server/watched-repository/ci-server/src/test/resources\n[INFO] \n[INFO] --- maven-compiler-plugin:3.8.0:testCompile (default-testCompile) @ ci-server ---\n[INFO] Changes detected - recompiling the module!\n[INFO] Compiling 3 source files to /Users/Erik/Desktop/Programmering/DD2480-CI/ci-server/watched-repository/ci-server/target/test-classes\n[INFO] \n[INFO] --- maven-surefire-plugin:2.22.1:test (default-test) @ ci-server ---\n[INFO] \n[INFO] -------------------------------------------------------\n[INFO]  T E S T S\n[INFO] -------------------------------------------------------\n[INFO] Running com.group1.ContinuousIntegrationServerTest\nrunning tests\nrunning tests\n[INFO] Tests run: 10, Failures: 0, Errors: 0, Skipped: 0, Time elapsed: 31.343 s - in com.group1.ContinuousIntegrationServerTest\n[INFO] Running com.group1.RequestExtractionTest\n[INFO] Tests run: 1, Failures: 0, Errors: 0, Skipped: 0, Time elapsed: 3.661 s - in com.group1.RequestExtractionTest\n[INFO] Running com.group1.Output_parserTest\n[INFO] Tests run: 5, Failures: 0, Errors: 0, Skipped: 0, Time elapsed: 0.024 s - in com.group1.Output_parserTest\n[INFO] \n[INFO] Results:\n[INFO] \n[INFO] Tests run: 16, Failures: 0, Errors: 0, Skipped: 0\n[INFO] \n[INFO] ------------------------------------------------------------------------\n[INFO] BUILD SUCCESS\n[INFO] ------------------------------------------------------------------------\n[INFO] Total time:  45.556 s\n[INFO] Finished at: 2023-02-13T01:39:32+01:00\n[INFO] ------------------------------------------------------------------------\n"
    },
    {
      "sha": "1339d5c2f5e66170c33aef03101e0bc994f1c896",
      "status": "success",
      "log": "[INFO] Scanning for projects...\n[INFO] \n[INFO] ------------------------< com.group1:ci-server >------------------------\n[INFO] Building ci-server 0\n[INFO] --------------------------------[ jar ]---------------------------------\n[INFO] \n[INFO] --- maven-clean-plugin:3.1.0:clean (default-clean) @ ci-server ---\n[INFO] \n[INFO] --- maven-resources-plugin:3.0.2:resources (default-resources) @ ci-server ---\n[INFO] Using UTF-8 encoding to copy filtered resources.\n[INFO] skip non existing resourceDirectory /Users/Erik/Desktop/Programmering/DD2480-CI/ci-server/watched-repository/ci-server/src/main/resources\n[INFO] \n[INFO] --- maven-compiler-plugin:3.8.0:compile (default-compile) @ ci-server ---\n[INFO] Changes detected - recompiling the module!\n[INFO] Compiling 7 source files to /Users/Erik/Desktop/Programmering/DD2480-CI/ci-server/watched-repository/ci-server/target/classes\n[INFO] \n[INFO] --- maven-resources-plugin:3.0.2:testResources (default-testResources) @ ci-server ---\n[INFO] Using UTF-8 encoding to copy filtered resources.\n[INFO] skip non existing resourceDirectory /Users/Erik/Desktop/Programmering/DD2480-CI/ci-server/watched-repository/ci-server/src/test/resources\n[INFO] \n[INFO] --- maven-compiler-plugin:3.8.0:testCompile (default-testCompile) @ ci-server ---\n[INFO] Changes detected - recompiling the module!\n[INFO] Compiling 3 source files to /Users/Erik/Desktop/Programmering/DD2480-CI/ci-server/watched-repository/ci-server/target/test-classes\n[INFO] \n[INFO] --- maven-surefire-plugin:2.22.1:test (default-test) @ ci-server ---\n[INFO] \n[INFO] -------------------------------------------------------\n[INFO]  T E S T S\n[INFO] -------------------------------------------------------\n[INFO] Running com.group1.ContinuousIntegrationServerTest\nrunning tests\nrunning tests\n[INFO] Tests run: 10, Failures: 0, Errors: 0, Skipped: 0, Time elapsed: 38.936 s - in com.group1.ContinuousIntegrationServerTest\n[INFO] Running com.group1.RequestExtractionTest\n[INFO] Tests run: 1, Failures: 0, Errors: 0, Skipped: 0, Time elapsed: 3.54 s - in com.group1.RequestExtractionTest\n[INFO] Running com.group1.Output_parserTest\n[INFO] Tests run: 5, Failures: 0, Errors: 0, Skipped: 0, Time elapsed: 0.043 s - in com.group1.Output_parserTest\n[INFO] \n[INFO] Results:\n[INFO] \n[INFO] Tests run: 16, Failures: 0, Errors: 0, Skipped: 0\n[INFO] \n[INFO] ------------------------------------------------------------------------\n[INFO] BUILD SUCCESS\n[INFO] ------------------------------------------------------------------------\n[INFO] Total time:  52.061 s\n[INFO] Finished at: 2023-02-13T13:44:34+01:00\n[INFO] ------------------------------------------------------------------------\n"
    },
    {
      "sha": "6a85808461462cb3331469cadbf718abe8b0803d",
      "status": "failed",
      "log": "[INFO] Scanning for projects...\n[INFO] \n[INFO] ------------------------< com.group1:ci-server >------------------------\n[INFO] Building ci-server 0\n[INFO] --------------------------------[ jar ]---------------------------------\n[INFO] \n[INFO] --- maven-clean-plugin:3.1.0:clean (default-clean) @ ci-server ---\n[INFO] \n[INFO] --- maven-resources-plugin:3.0.2:resources (default-resources) @ ci-server ---\n[INFO] Using UTF-8 encoding to copy filtered resources.\n[INFO] skip non existing resourceDirectory /Users/Erik/Desktop/Programmering/DD2480-CI/ci-server/watched-repository/ci-server/src/main/resources\n[INFO] \n[INFO] --- maven-compiler-plugin:3.8.0:compile (default-compile) @ ci-server ---\n[INFO] Changes detected - recompiling the module!\n[INFO] Compiling 7 source files to /Users/Erik/Desktop/Programmering/DD2480-CI/ci-server/watched-repository/ci-server/target/classes\n[INFO] \n[INFO] --- maven-resources-plugin:3.0.2:testResources (default-testResources) @ ci-server ---\n[INFO] Using UTF-8 encoding to copy filtered resources.\n[INFO] skip non existing resourceDirectory /Users/Erik/Desktop/Programmering/DD2480-CI/ci-server/watched-repository/ci-server/src/test/resources\n[INFO] \n[INFO] --- maven-compiler-plugin:3.8.0:testCompile (default-testCompile) @ ci-server ---\n[INFO] Changes detected - recompiling the module!\n[INFO] Compiling 3 source files to /Users/Erik/Desktop/Programmering/DD2480-CI/ci-server/watched-repository/ci-server/target/test-classes\n[INFO] \n[INFO] --- maven-surefire-plugin:2.22.1:test (default-test) @ ci-server ---\n[INFO] \n[INFO] -------------------------------------------------------\n[INFO]  T E S T S\n[INFO] -------------------------------------------------------\n[INFO] Running com.group1.ContinuousIntegrationServerTest\nrunning tests\nrunning tests\n[INFO] Tests run: 10, Failures: 0, Errors: 0, Skipped: 0, Time elapsed: 28.515 s - in com.group1.ContinuousIntegrationServerTest\n[INFO] Running com.group1.RequestExtractionTest\n[INFO] Tests run: 1, Failures: 0, Errors: 0, Skipped: 0, Time elapsed: 3.285 s - in com.group1.RequestExtractionTest\n[INFO] Running com.group1.Output_parserTest\n[ERROR] Tests run: 5, Failures: 1, Errors: 0, Skipped: 0, Time elapsed: 0.029 s <<< FAILURE! - in com.group1.Output_parserTest\n[ERROR] testSuccess(com.group1.Output_parserTest)  Time elapsed: 0.013 s  <<< FAILURE!\njava.lang.AssertionError\n\tat com.group1.Output_parserTest.testSuccess(Output_parserTest.java:47)\n\n[INFO] \n[INFO] Results:\n[INFO] \n[ERROR] Failures: \n[ERROR]   Output_parserTest.testSuccess:47\n[INFO] \n[ERROR] Tests run: 16, Failures: 1, Errors: 0, Skipped: 0\n[INFO] \n[INFO] ------------------------------------------------------------------------\n[INFO] BUILD FAILURE\n[INFO] ------------------------------------------------------------------------\n[INFO] Total time:  42.087 s\n[INFO] Finished at: 2023-02-13T17:19:15+01:00\n[INFO] ------------------------------------------------------------------------\n[ERROR] Failed to execute goal org.apache.maven.plugins:maven-surefire-plugin:2.22.1:test (default-test) on project ci-server: There are test failures.\n[ERROR] \n[ERROR] Please refer to /Users/Erik/Desktop/Programmering/DD2480-CI/ci-server/watched-repository/ci-server/target/surefire-reports for the individual test results.\n[ERROR] Please refer to dump files (if any exist) [date].dump, [date]-jvmRun[N].dump and [date].dumpstream.\n[ERROR] -> [Help 1]\n[ERROR] \n[ERROR] To see the full stack trace of the errors, re-run Maven with the -e switch.\n[ERROR] Re-run Maven using the -X switch to enable full debug logging.\n[ERROR] \n[ERROR] For more information about the errors and possible solutions, please read the following articles:\n[ERROR] [Help 1] http://cwiki.apache.org/confluence/display/MAVEN/MojoFailureException\n"
    },
    {
      "sha": "f84c9f8d2c68a01c5f129a28deaa2dce483f95cd",
      "status": "success",
      "log": "[INFO] Scanning for projects...\n[INFO] \n[INFO] ------------------------< com.group1:ci-server >------------------------\n[INFO] Building ci-server 0\n[INFO] --------------------------------[ jar ]---------------------------------\n[INFO] \n[INFO] --- maven-clean-plugin:3.1.0:clean (default-clean) @ ci-server ---\n[INFO] \n[INFO] --- maven-resources-plugin:3.0.2:resources (default-resources) @ ci-server ---\n[INFO] Using UTF-8 encoding to copy filtered resources.\n[INFO] skip non existing resourceDirectory /Users/Erik/Desktop/Programmering/DD2480-CI/ci-server/watched-repository/ci-server/src/main/resources\n[INFO] \n[INFO] --- maven-compiler-plugin:3.8.0:compile (default-compile) @ ci-server ---\n[INFO] Changes detected - recompiling the module!\n[INFO] Compiling 7 source files to /Users/Erik/Desktop/Programmering/DD2480-CI/ci-server/watched-repository/ci-server/target/classes\n[INFO] \n[INFO] --- maven-resources-plugin:3.0.2:testResources (default-testResources) @ ci-server ---\n[INFO] Using UTF-8 encoding to copy filtered resources.\n[INFO] skip non existing resourceDirectory /Users/Erik/Desktop/Programmering/DD2480-CI/ci-server/watched-repository/ci-server/src/test/resources\n[INFO] \n[INFO] --- maven-compiler-plugin:3.8.0:testCompile (default-testCompile) @ ci-server ---\n[INFO] Changes detected - recompiling the module!\n[INFO] Compiling 3 source files to /Users/Erik/Desktop/Programmering/DD2480-CI/ci-server/watched-repository/ci-server/target/test-classes\n[INFO] \n[INFO] --- maven-surefire-plugin:2.22.1:test (default-test) @ ci-server ---\n[INFO] \n[INFO] -------------------------------------------------------\n[INFO]  T E S T S\n[INFO] -------------------------------------------------------\n[INFO] Running com.group1.ContinuousIntegrationServerTest\nrunning tests\nrunning tests\n[INFO] Tests run: 10, Failures: 0, Errors: 0, Skipped: 0, Time elapsed: 26.685 s - in com.group1.ContinuousIntegrationServerTest\n[INFO] Running com.group1.RequestExtractionTest\n[INFO] Tests run: 1, Failures: 0, Errors: 0, Skipped: 0, Time elapsed: 4.647 s - in com.group1.RequestExtractionTest\n[INFO] Running com.group1.Output_parserTest\n[INFO] Tests run: 5, Failures: 0, Errors: 0, Skipped: 0, Time elapsed: 0.02 s - in com.group1.Output_parserTest\n[INFO] \n[INFO] Results:\n[INFO] \n[INFO] Tests run: 16, Failures: 0, Errors: 0, Skipped: 0\n[INFO] \n[INFO] ------------------------------------------------------------------------\n[INFO] BUILD SUCCESS\n[INFO] ------------------------------------------------------------------------\n[INFO] Total time:  41.740 s\n[INFO] Finished at: 2023-02-13T17:31:33+01:00\n[INFO] ------------------------------------------------------------------------\n"
    },
    {
      "sha": "6a85808461462cb3331469cadbf718abe8b0803d",
      "status": "success",
      "log": "[INFO] Scanning for projects...\n[INFO] \n[INFO] ------------------------< com.group1:ci-server >------------------------\n[INFO] Building ci-server 0\n[INFO] --------------------------------[ jar ]---------------------------------\n[INFO] \n[INFO] --- maven-clean-plugin:3.1.0:clean (default-clean) @ ci-server ---\n[INFO] \n[INFO] --- maven-resources-plugin:3.0.2:resources (default-resources) @ ci-server ---\n[INFO] Using UTF-8 encoding to copy filtered resources.\n[INFO] skip non existing resourceDirectory /Users/Erik/Desktop/Programmering/DD2480-CI/ci-server/watched-repository/ci-server/src/main/resources\n[INFO] \n[INFO] --- maven-compiler-plugin:3.8.0:compile (default-compile) @ ci-server ---\n[INFO] Changes detected - recompiling the module!\n[INFO] Compiling 7 source files to /Users/Erik/Desktop/Programmering/DD2480-CI/ci-server/watched-repository/ci-server/target/classes\n[INFO] \n[INFO] --- maven-resources-plugin:3.0.2:testResources (default-testResources) @ ci-server ---\n[INFO] Using UTF-8 encoding to copy filtered resources.\n[INFO] skip non existing resourceDirectory /Users/Erik/Desktop/Programmering/DD2480-CI/ci-server/watched-repository/ci-server/src/test/resources\n[INFO] \n[INFO] --- maven-compiler-plugin:3.8.0:testCompile (default-testCompile) @ ci-server ---\n[INFO] Changes detected - recompiling the module!\n[INFO] Compiling 3 source files to /Users/Erik/Desktop/Programmering/DD2480-CI/ci-server/watched-repository/ci-server/target/test-classes\n[INFO] \n[INFO] --- maven-surefire-plugin:2.22.1:test (default-test) @ ci-server ---\n[INFO] \n[INFO] -------------------------------------------------------\n[INFO]  T E S T S\n[INFO] -------------------------------------------------------\n[INFO] Running com.group1.ContinuousIntegrationServerTest\nrunning tests\nrunning tests\n[INFO] Tests run: 10, Failures: 0, Errors: 0, Skipped: 0, Time elapsed: 29.501 s - in com.group1.ContinuousIntegrationServerTest\n[INFO] Running com.group1.RequestExtractionTest\n[INFO] Tests run: 1, Failures: 0, Errors: 0, Skipped: 0, Time elapsed: 2.762 s - in com.group1.RequestExtractionTest\n[INFO] Running com.group1.Output_parserTest\n[INFO] Tests run: 5, Failures: 0, Errors: 0, Skipped: 0, Time elapsed: 0.018 s - in com.group1.Output_parserTest\n[INFO] \n[INFO] Results:\n[INFO] \n[INFO] Tests run: 16, Failures: 0, Errors: 0, Skipped: 0\n[INFO] \n[INFO] ------------------------------------------------------------------------\n[INFO] BUILD SUCCESS\n[INFO] ------------------------------------------------------------------------\n[INFO] Total time:  40.812 s\n[INFO] Finished at: 2023-02-14T00:32:48+01:00\n[INFO] ------------------------------------------------------------------------\n"
    },
    {
      "sha": "f84c9f8d2c68a01c5f129a28deaa2dce483f95cd",
      "status": "success",
      "log": "[INFO] Scanning for projects...\n[INFO] \n[INFO] ------------------------< com.group1:ci-server >------------------------\n[INFO] Building ci-server 0\n[INFO] --------------------------------[ jar ]---------------------------------\n[INFO] \n[INFO] --- maven-clean-plugin:3.1.0:clean (default-clean) @ ci-server ---\n[INFO] \n[INFO] --- maven-resources-plugin:3.0.2:resources (default-resources) @ ci-server ---\n[INFO] Using UTF-8 encoding to copy filtered resources.\n[INFO] skip non existing resourceDirectory /Users/Erik/Desktop/Programmering/DD2480-CI/ci-server/watched-repository/ci-server/src/main/resources\n[INFO] \n[INFO] --- maven-compiler-plugin:3.8.0:compile (default-compile) @ ci-server ---\n[INFO] Changes detected - recompiling the module!\n[INFO] Compiling 7 source files to /Users/Erik/Desktop/Programmering/DD2480-CI/ci-server/watched-repository/ci-server/target/classes\n[INFO] \n[INFO] --- maven-resources-plugin:3.0.2:testResources (default-testResources) @ ci-server ---\n[INFO] Using UTF-8 encoding to copy filtered resources.\n[INFO] skip non existing resourceDirectory /Users/Erik/Desktop/Programmering/DD2480-CI/ci-server/watched-repository/ci-server/src/test/resources\n[INFO] \n[INFO] --- maven-compiler-plugin:3.8.0:testCompile (default-testCompile) @ ci-server ---\n[INFO] Changes detected - recompiling the module!\n[INFO] Compiling 3 source files to /Users/Erik/Desktop/Programmering/DD2480-CI/ci-server/watched-repository/ci-server/target/test-classes\n[INFO] \n[INFO] --- maven-surefire-plugin:2.22.1:test (default-test) @ ci-server ---\n[INFO] \n[INFO] -------------------------------------------------------\n[INFO]  T E S T S\n[INFO] -------------------------------------------------------\n[INFO] Running com.group1.ContinuousIntegrationServerTest\nrunning tests\nrunning tests\n[INFO] Tests run: 10, Failures: 0, Errors: 0, Skipped: 0, Time elapsed: 23.48 s - in com.group1.ContinuousIntegrationServerTest\n[INFO] Running com.group1.RequestExtractionTest\n[INFO] Tests run: 1, Failures: 0, Errors: 0, Skipped: 0, Time elapsed: 2.574 s - in com.group1.RequestExtractionTest\n[INFO] Running com.group1.Output_parserTest\n[INFO] Tests run: 5, Failures: 0, Errors: 0, Skipped: 0, Time elapsed: 0.047 s - in com.group1.Output_parserTest\n[INFO] \n[INFO] Results:\n[INFO] \n[INFO] Tests run: 16, Failures: 0, Errors: 0, Skipped: 0\n[INFO] \n[INFO] ------------------------------------------------------------------------\n[INFO] BUILD SUCCESS\n[INFO] ------------------------------------------------------------------------\n[INFO] Total time:  35.645 s\n[INFO] Finished at: 2023-02-14T00:35:07+01:00\n[INFO] ------------------------------------------------------------------------\n"
    },
    {
      "sha": "6a85808461462cb3331469cadbf718abe8b0803d",
      "status": "success",
      "log": "[INFO] Scanning for projects...\n[INFO] \n[INFO] ------------------------< com.group1:ci-server >------------------------\n[INFO] Building ci-server 0\n[INFO] --------------------------------[ jar ]---------------------------------\n[INFO] \n[INFO] --- maven-clean-plugin:3.1.0:clean (default-clean) @ ci-server ---\n[INFO] \n[INFO] --- maven-resources-plugin:3.0.2:resources (default-resources) @ ci-server ---\n[INFO] Using UTF-8 encoding to copy filtered resources.\n[INFO] skip non existing resourceDirectory /Users/Erik/Desktop/Programmering/DD2480-CI/ci-server/watched-repository/ci-server/src/main/resources\n[INFO] \n[INFO] --- maven-compiler-plugin:3.8.0:compile (default-compile) @ ci-server ---\n[INFO] Changes detected - recompiling the module!\n[INFO] Compiling 7 source files to /Users/Erik/Desktop/Programmering/DD2480-CI/ci-server/watched-repository/ci-server/target/classes\n[INFO] \n[INFO] --- maven-resources-plugin:3.0.2:testResources (default-testResources) @ ci-server ---\n[INFO] Using UTF-8 encoding to copy filtered resources.\n[INFO] skip non existing resourceDirectory /Users/Erik/Desktop/Programmering/DD2480-CI/ci-server/watched-repository/ci-server/src/test/resources\n[INFO] \n[INFO] --- maven-compiler-plugin:3.8.0:testCompile (default-testCompile) @ ci-server ---\n[INFO] Changes detected - recompiling the module!\n[INFO] Compiling 3 source files to /Users/Erik/Desktop/Programmering/DD2480-CI/ci-server/watched-repository/ci-server/target/test-classes\n[INFO] \n[INFO] --- maven-surefire-plugin:2.22.1:test (default-test) @ ci-server ---\n[INFO] \n[INFO] -------------------------------------------------------\n[INFO]  T E S T S\n[INFO] -------------------------------------------------------\n[INFO] Running com.group1.ContinuousIntegrationServerTest\nrunning tests\nrunning tests\n[INFO] Tests run: 10, Failures: 0, Errors: 0, Skipped: 0, Time elapsed: 19.938 s - in com.group1.ContinuousIntegrationServerTest\n[INFO] Running com.group1.RequestExtractionTest\n[INFO] Tests run: 1, Failures: 0, Errors: 0, Skipped: 0, Time elapsed: 2.616 s - in com.group1.RequestExtractionTest\n[INFO] Running com.group1.Output_parserTest\n[INFO] Tests run: 5, Failures: 0, Errors: 0, Skipped: 0, Time elapsed: 0.017 s - in com.group1.Output_parserTest\n[INFO] \n[INFO] Results:\n[INFO] \n[INFO] Tests run: 16, Failures: 0, Errors: 0, Skipped: 0\n[INFO] \n[INFO] ------------------------------------------------------------------------\n[INFO] BUILD SUCCESS\n[INFO] ------------------------------------------------------------------------\n[INFO] Total time:  30.399 s\n[INFO] Finished at: 2023-02-14T00:45:53+01:00\n[INFO] ------------------------------------------------------------------------\n"
    }
  ]
}
